This is pdfTeX, Version 3.141592653-2.6-1.40.22 (TeX Live 2021) (preloaded format=pdflatex 2022.10.25)  12 DEC 2022 19:37
entering extended mode
 restricted \write18 enabled.
 file:line:error style messages enabled.
 %&-line parsing enabled.
**/home/giorgio/Master_degree_Thesis/PRESENTATION/Latex/Presentation.tex
(/home/giorgio/Master_degree_Thesis/PRESENTATION/Latex/Presentation.tex
LaTeX2e <2020-10-01> patch level 4
L3 programming layer <2021-05-07> (/usr/share/texlive/texmf-dist/tex/latex/beamer/beamer.cls
Document Class: beamer 2021/03/19 v3.62 A class for typesetting presentations
(/usr/share/texlive/texmf-dist/tex/latex/beamer/beamerbasemodes.sty (/usr/share/texlive/texmf-dist/tex/latex/etoolbox/etoolbox.sty
Package: etoolbox 2020/10/05 v2.5k e-TeX tools for LaTeX (JAW)
\etb@tempcnta=\count179
)
\beamer@tempbox=\box47
\beamer@tempcount=\count180
\c@beamerpauses=\count181
 (/usr/share/texlive/texmf-dist/tex/latex/beamer/beamerbasedecode.sty
\beamer@slideinframe=\count182
\beamer@minimum=\count183
\beamer@decode@box=\box48
)
\beamer@commentbox=\box49
\beamer@modecount=\count184
) (/usr/share/texlive/texmf-dist/tex/generic/iftex/ifpdf.sty
Package: ifpdf 2019/10/25 v3.4 ifpdf legacy package. Use iftex instead.
 (/usr/share/texlive/texmf-dist/tex/generic/iftex/iftex.sty
Package: iftex 2020/03/06 v1.0d TeX engine tests
))
\headdp=\dimen138
\footheight=\dimen139
\sidebarheight=\dimen140
\beamer@tempdim=\dimen141
\beamer@finalheight=\dimen142
\beamer@animht=\dimen143
\beamer@animdp=\dimen144
\beamer@animwd=\dimen145
\beamer@leftmargin=\dimen146
\beamer@rightmargin=\dimen147
\beamer@leftsidebar=\dimen148
\beamer@rightsidebar=\dimen149
\beamer@boxsize=\dimen150
\beamer@vboxoffset=\dimen151
\beamer@descdefault=\dimen152
\beamer@descriptionwidth=\dimen153
\beamer@lastskip=\skip47
\beamer@areabox=\box50
\beamer@animcurrent=\box51
\beamer@animshowbox=\box52
\beamer@sectionbox=\box53
\beamer@logobox=\box54
\beamer@linebox=\box55
\beamer@sectioncount=\count185
\beamer@subsubsectionmax=\count186
\beamer@subsectionmax=\count187
\beamer@sectionmax=\count188
\beamer@totalheads=\count189
\beamer@headcounter=\count190
\beamer@partstartpage=\count191
\beamer@sectionstartpage=\count192
\beamer@subsectionstartpage=\count193
\beamer@animationtempa=\count194
\beamer@animationtempb=\count195
\beamer@xpos=\count196
\beamer@ypos=\count197
\beamer@ypos@offset=\count198
\beamer@showpartnumber=\count199
\beamer@currentsubsection=\count266
\beamer@coveringdepth=\count267
\beamer@sectionadjust=\count268
\beamer@tocsectionnumber=\count269
 (/usr/share/texlive/texmf-dist/tex/latex/beamer/beamerbaseoptions.sty (/usr/share/texlive/texmf-dist/tex/latex/graphics/keyval.sty
Package: keyval 2014/10/28 v1.15 key=value parser (DPC)
\KV@toks@=\toks15
))
\beamer@paperwidth=\skip48
\beamer@paperheight=\skip49
 (/usr/share/texlive/texmf-dist/tex/latex/geometry/geometry.sty
Package: geometry 2020/01/02 v5.9 Page Geometry
 (/usr/share/texlive/texmf-dist/tex/generic/iftex/ifvtex.sty
Package: ifvtex 2019/10/25 v1.7 ifvtex legacy package. Use iftex instead.
)
\Gm@cnth=\count270
\Gm@cntv=\count271
\c@Gm@tempcnt=\count272
\Gm@bindingoffset=\dimen154
\Gm@wd@mp=\dimen155
\Gm@odd@mp=\dimen156
\Gm@even@mp=\dimen157
\Gm@layoutwidth=\dimen158
\Gm@layoutheight=\dimen159
\Gm@layouthoffset=\dimen160
\Gm@layoutvoffset=\dimen161
\Gm@dimlist=\toks16
) (/usr/share/texlive/texmf-dist/tex/latex/base/size11.clo
File: size11.clo 2020/04/10 v1.4m Standard LaTeX file (size option)
) (/usr/share/texlive/texmf-dist/tex/latex/pgf/basiclayer/pgfcore.sty (/usr/share/texlive/texmf-dist/tex/latex/graphics/graphicx.sty
Package: graphicx 2020/09/09 v1.2b Enhanced LaTeX Graphics (DPC,SPQR)
 (/usr/share/texlive/texmf-dist/tex/latex/graphics/graphics.sty
Package: graphics 2020/08/30 v1.4c Standard LaTeX Graphics (DPC,SPQR)
 (/usr/share/texlive/texmf-dist/tex/latex/graphics/trig.sty
Package: trig 2016/01/03 v1.10 sin cos tan (DPC)
) (/usr/share/texlive/texmf-dist/tex/latex/graphics-cfg/graphics.cfg
File: graphics.cfg 2016/06/04 v1.11 sample graphics configuration
)
Package graphics Info: Driver file: pdftex.def on input line 105.
 (/usr/share/texlive/texmf-dist/tex/latex/graphics-def/pdftex.def
File: pdftex.def 2020/10/05 v1.2a Graphics/color driver for pdftex
))
\Gin@req@height=\dimen162
\Gin@req@width=\dimen163
) (/usr/share/texlive/texmf-dist/tex/latex/pgf/systemlayer/pgfsys.sty (/usr/share/texlive/texmf-dist/tex/latex/pgf/utilities/pgfrcs.sty (/usr/share/texlive/texmf-dist/tex/generic/pgf/utilities/pgfutil-common.tex
\pgfutil@everybye=\toks17
\pgfutil@tempdima=\dimen164
\pgfutil@tempdimb=\dimen165
 (/usr/share/texlive/texmf-dist/tex/generic/pgf/utilities/pgfutil-common-lists.tex)) (/usr/share/texlive/texmf-dist/tex/generic/pgf/utilities/pgfutil-latex.def
\pgfutil@abb=\box56
) (/usr/share/texlive/texmf-dist/tex/generic/pgf/utilities/pgfrcs.code.tex (/usr/share/texlive/texmf-dist/tex/generic/pgf/pgf.revision.tex)
Package: pgfrcs 2020/12/27 v3.1.8b (3.1.8b)
)) (/usr/share/texlive/texmf-dist/tex/generic/pgf/systemlayer/pgfsys.code.tex
Package: pgfsys 2020/12/27 v3.1.8b (3.1.8b)
 (/usr/share/texlive/texmf-dist/tex/generic/pgf/utilities/pgfkeys.code.tex
\pgfkeys@pathtoks=\toks18
\pgfkeys@temptoks=\toks19
 (/usr/share/texlive/texmf-dist/tex/generic/pgf/utilities/pgfkeysfiltered.code.tex
\pgfkeys@tmptoks=\toks20
))
\pgf@x=\dimen166
\pgf@y=\dimen167
\pgf@xa=\dimen168
\pgf@ya=\dimen169
\pgf@xb=\dimen170
\pgf@yb=\dimen171
\pgf@xc=\dimen172
\pgf@yc=\dimen173
\pgf@xd=\dimen174
\pgf@yd=\dimen175
\w@pgf@writea=\write3
\r@pgf@reada=\read2
\c@pgf@counta=\count273
\c@pgf@countb=\count274
\c@pgf@countc=\count275
\c@pgf@countd=\count276
\t@pgf@toka=\toks21
\t@pgf@tokb=\toks22
\t@pgf@tokc=\toks23
\pgf@sys@id@count=\count277
 (/usr/share/texlive/texmf-dist/tex/generic/pgf/systemlayer/pgf.cfg
File: pgf.cfg 2020/12/27 v3.1.8b (3.1.8b)
)
Driver file for pgf: pgfsys-pdftex.def
 (/usr/share/texlive/texmf-dist/tex/generic/pgf/systemlayer/pgfsys-pdftex.def
File: pgfsys-pdftex.def 2020/12/27 v3.1.8b (3.1.8b)
 (/usr/share/texlive/texmf-dist/tex/generic/pgf/systemlayer/pgfsys-common-pdf.def
File: pgfsys-common-pdf.def 2020/12/27 v3.1.8b (3.1.8b)
))) (/usr/share/texlive/texmf-dist/tex/generic/pgf/systemlayer/pgfsyssoftpath.code.tex
File: pgfsyssoftpath.code.tex 2020/12/27 v3.1.8b (3.1.8b)
\pgfsyssoftpath@smallbuffer@items=\count278
\pgfsyssoftpath@bigbuffer@items=\count279
) (/usr/share/texlive/texmf-dist/tex/generic/pgf/systemlayer/pgfsysprotocol.code.tex
File: pgfsysprotocol.code.tex 2020/12/27 v3.1.8b (3.1.8b)
)) (/usr/share/texlive/texmf-dist/tex/latex/xcolor/xcolor.sty
Package: xcolor 2016/05/11 v2.12 LaTeX color extensions (UK)
 (/usr/share/texlive/texmf-dist/tex/latex/graphics-cfg/color.cfg
File: color.cfg 2016/01/02 v1.6 sample color configuration
)
Package xcolor Info: Driver file: pdftex.def on input line 225.
Package xcolor Info: Model `cmy' substituted by `cmy0' on input line 1348.
Package xcolor Info: Model `hsb' substituted by `rgb' on input line 1352.
Package xcolor Info: Model `RGB' extended on input line 1364.
Package xcolor Info: Model `HTML' substituted by `rgb' on input line 1366.
Package xcolor Info: Model `Hsb' substituted by `hsb' on input line 1367.
Package xcolor Info: Model `tHsb' substituted by `hsb' on input line 1368.
Package xcolor Info: Model `HSB' substituted by `hsb' on input line 1369.
Package xcolor Info: Model `Gray' substituted by `gray' on input line 1370.
Package xcolor Info: Model `wave' substituted by `hsb' on input line 1371.
) (/usr/share/texlive/texmf-dist/tex/generic/pgf/basiclayer/pgfcore.code.tex
Package: pgfcore 2020/12/27 v3.1.8b (3.1.8b)
 (/usr/share/texlive/texmf-dist/tex/generic/pgf/math/pgfmath.code.tex (/usr/share/texlive/texmf-dist/tex/generic/pgf/math/pgfmathcalc.code.tex (/usr/share/texlive/texmf-dist/tex/generic/pgf/math/pgfmathutil.code.tex) (/usr/share/texlive/texmf-dist/tex/generic/pgf/math/pgfmathparser.code.tex
\pgfmath@dimen=\dimen176
\pgfmath@count=\count280
\pgfmath@box=\box57
\pgfmath@toks=\toks24
\pgfmath@stack@operand=\toks25
\pgfmath@stack@operation=\toks26
) (/usr/share/texlive/texmf-dist/tex/generic/pgf/math/pgfmathfunctions.code.tex (/usr/share/texlive/texmf-dist/tex/generic/pgf/math/pgfmathfunctions.basic.code.tex) (/usr/share/texlive/texmf-dist/tex/generic/pgf/math/pgfmathfunctions.trigonometric.code.tex) (/usr/share/texlive/texmf-dist/tex/generic/pgf/math/pgfmathfunctions.random.code.tex) (/usr/share/texlive/texmf-dist/tex/generic/pgf/math/pgfmathfunctions.comparison.code.tex) (/usr/share/texlive/texmf-dist/tex/generic/pgf/math/pgfmathfunctions.base.code.tex) (/usr/share/texlive/texmf-dist/tex/generic/pgf/math/pgfmathfunctions.round.code.tex) (/usr/share/texlive/texmf-dist/tex/generic/pgf/math/pgfmathfunctions.misc.code.tex) (/usr/share/texlive/texmf-dist/tex/generic/pgf/math/pgfmathfunctions.integerarithmetics.code.tex))) (/usr/share/texlive/texmf-dist/tex/generic/pgf/math/pgfmathfloat.code.tex
\c@pgfmathroundto@lastzeros=\count281
)) (/usr/share/texlive/texmf-dist/tex/generic/pgf/math/pgfint.code.tex) (/usr/share/texlive/texmf-dist/tex/generic/pgf/basiclayer/pgfcorepoints.code.tex
File: pgfcorepoints.code.tex 2020/12/27 v3.1.8b (3.1.8b)
\pgf@picminx=\dimen177
\pgf@picmaxx=\dimen178
\pgf@picminy=\dimen179
\pgf@picmaxy=\dimen180
\pgf@pathminx=\dimen181
\pgf@pathmaxx=\dimen182
\pgf@pathminy=\dimen183
\pgf@pathmaxy=\dimen184
\pgf@xx=\dimen185
\pgf@xy=\dimen186
\pgf@yx=\dimen187
\pgf@yy=\dimen188
\pgf@zx=\dimen189
\pgf@zy=\dimen190
) (/usr/share/texlive/texmf-dist/tex/generic/pgf/basiclayer/pgfcorepathconstruct.code.tex
File: pgfcorepathconstruct.code.tex 2020/12/27 v3.1.8b (3.1.8b)
\pgf@path@lastx=\dimen191
\pgf@path@lasty=\dimen192
) (/usr/share/texlive/texmf-dist/tex/generic/pgf/basiclayer/pgfcorepathusage.code.tex
File: pgfcorepathusage.code.tex 2020/12/27 v3.1.8b (3.1.8b)
\pgf@shorten@end@additional=\dimen193
\pgf@shorten@start@additional=\dimen194
) (/usr/share/texlive/texmf-dist/tex/generic/pgf/basiclayer/pgfcorescopes.code.tex
File: pgfcorescopes.code.tex 2020/12/27 v3.1.8b (3.1.8b)
\pgfpic=\box58
\pgf@hbox=\box59
\pgf@layerbox@main=\box60
\pgf@picture@serial@count=\count282
) (/usr/share/texlive/texmf-dist/tex/generic/pgf/basiclayer/pgfcoregraphicstate.code.tex
File: pgfcoregraphicstate.code.tex 2020/12/27 v3.1.8b (3.1.8b)
\pgflinewidth=\dimen195
) (/usr/share/texlive/texmf-dist/tex/generic/pgf/basiclayer/pgfcoretransformations.code.tex
File: pgfcoretransformations.code.tex 2020/12/27 v3.1.8b (3.1.8b)
\pgf@pt@x=\dimen196
\pgf@pt@y=\dimen197
\pgf@pt@temp=\dimen198
) (/usr/share/texlive/texmf-dist/tex/generic/pgf/basiclayer/pgfcorequick.code.tex
File: pgfcorequick.code.tex 2020/12/27 v3.1.8b (3.1.8b)
) (/usr/share/texlive/texmf-dist/tex/generic/pgf/basiclayer/pgfcoreobjects.code.tex
File: pgfcoreobjects.code.tex 2020/12/27 v3.1.8b (3.1.8b)
) (/usr/share/texlive/texmf-dist/tex/generic/pgf/basiclayer/pgfcorepathprocessing.code.tex
File: pgfcorepathprocessing.code.tex 2020/12/27 v3.1.8b (3.1.8b)
) (/usr/share/texlive/texmf-dist/tex/generic/pgf/basiclayer/pgfcorearrows.code.tex
File: pgfcorearrows.code.tex 2020/12/27 v3.1.8b (3.1.8b)
\pgfarrowsep=\dimen199
) (/usr/share/texlive/texmf-dist/tex/generic/pgf/basiclayer/pgfcoreshade.code.tex
File: pgfcoreshade.code.tex 2020/12/27 v3.1.8b (3.1.8b)
\pgf@max=\dimen256
\pgf@sys@shading@range@num=\count283
\pgf@shadingcount=\count284
) (/usr/share/texlive/texmf-dist/tex/generic/pgf/basiclayer/pgfcoreimage.code.tex
File: pgfcoreimage.code.tex 2020/12/27 v3.1.8b (3.1.8b)
 (/usr/share/texlive/texmf-dist/tex/generic/pgf/basiclayer/pgfcoreexternal.code.tex
File: pgfcoreexternal.code.tex 2020/12/27 v3.1.8b (3.1.8b)
\pgfexternal@startupbox=\box61
)) (/usr/share/texlive/texmf-dist/tex/generic/pgf/basiclayer/pgfcorelayers.code.tex
File: pgfcorelayers.code.tex 2020/12/27 v3.1.8b (3.1.8b)
) (/usr/share/texlive/texmf-dist/tex/generic/pgf/basiclayer/pgfcoretransparency.code.tex
File: pgfcoretransparency.code.tex 2020/12/27 v3.1.8b (3.1.8b)
) (/usr/share/texlive/texmf-dist/tex/generic/pgf/basiclayer/pgfcorepatterns.code.tex
File: pgfcorepatterns.code.tex 2020/12/27 v3.1.8b (3.1.8b)
) (/usr/share/texlive/texmf-dist/tex/generic/pgf/basiclayer/pgfcorerdf.code.tex
File: pgfcorerdf.code.tex 2020/12/27 v3.1.8b (3.1.8b)
))) (/usr/share/texlive/texmf-dist/tex/latex/pgf/utilities/xxcolor.sty
Package: xxcolor 2003/10/24 ver 0.1
\XC@nummixins=\count285
\XC@countmixins=\count286
) (/usr/share/texlive/texmf-dist/tex/latex/base/atbegshi-ltx.sty
Package: atbegshi-ltx 2020/08/17 v1.0a Emulation of the original atbegshi package
with kernel methods
) (/usr/share/texlive/texmf-dist/tex/latex/hyperref/hyperref.sty
Package: hyperref 2021-02-27 v7.00k Hypertext links for LaTeX
 (/usr/share/texlive/texmf-dist/tex/generic/ltxcmds/ltxcmds.sty
Package: ltxcmds 2020-05-10 v1.25 LaTeX kernel commands for general use (HO)
) (/usr/share/texlive/texmf-dist/tex/generic/pdftexcmds/pdftexcmds.sty
Package: pdftexcmds 2020-06-27 v0.33 Utility functions of pdfTeX for LuaTeX (HO)
 (/usr/share/texlive/texmf-dist/tex/generic/infwarerr/infwarerr.sty
Package: infwarerr 2019/12/03 v1.5 Providing info/warning/error messages (HO)
)
Package pdftexcmds Info: \pdf@primitive is available.
Package pdftexcmds Info: \pdf@ifprimitive is available.
Package pdftexcmds Info: \pdfdraftmode found.
) (/usr/share/texlive/texmf-dist/tex/generic/kvsetkeys/kvsetkeys.sty
Package: kvsetkeys 2019/12/15 v1.18 Key value parser (HO)
) (/usr/share/texlive/texmf-dist/tex/generic/kvdefinekeys/kvdefinekeys.sty
Package: kvdefinekeys 2019-12-19 v1.6 Define keys (HO)
) (/usr/share/texlive/texmf-dist/tex/generic/pdfescape/pdfescape.sty
Package: pdfescape 2019/12/09 v1.15 Implements pdfTeX's escape features (HO)
) (/usr/share/texlive/texmf-dist/tex/latex/hycolor/hycolor.sty
Package: hycolor 2020-01-27 v1.10 Color options for hyperref/bookmark (HO)
) (/usr/share/texlive/texmf-dist/tex/latex/letltxmacro/letltxmacro.sty
Package: letltxmacro 2019/12/03 v1.6 Let assignment for LaTeX macros (HO)
) (/usr/share/texlive/texmf-dist/tex/latex/auxhook/auxhook.sty
Package: auxhook 2019-12-17 v1.6 Hooks for auxiliary files (HO)
) (/usr/share/texlive/texmf-dist/tex/latex/kvoptions/kvoptions.sty
Package: kvoptions 2020-10-07 v3.14 Key value format for package options (HO)
)
\@linkdim=\dimen257
\Hy@linkcounter=\count287
\Hy@pagecounter=\count288
 (/usr/share/texlive/texmf-dist/tex/latex/hyperref/pd1enc.def
File: pd1enc.def 2021-02-27 v7.00k Hyperref: PDFDocEncoding definition (HO)
Now handling font encoding PD1 ...
... no UTF-8 mapping file for font encoding PD1
) (/usr/share/texlive/texmf-dist/tex/latex/hyperref/hyperref-langpatches.def
File: hyperref-langpatches.def 2021-02-27 v7.00k Hyperref: patches for babel languages
) (/usr/share/texlive/texmf-dist/tex/generic/intcalc/intcalc.sty
Package: intcalc 2019/12/15 v1.3 Expandable calculations with integers (HO)
) (/usr/share/texlive/texmf-dist/tex/generic/etexcmds/etexcmds.sty
Package: etexcmds 2019/12/15 v1.7 Avoid name clashes with e-TeX commands (HO)
)
\Hy@SavedSpaceFactor=\count289
 (/usr/share/texlive/texmf-dist/tex/latex/hyperref/puenc.def
File: puenc.def 2021-02-27 v7.00k Hyperref: PDF Unicode definition (HO)
Now handling font encoding PU ...
... no UTF-8 mapping file for font encoding PU
)
Package hyperref Info: Option `bookmarks' set `true' on input line 4073.
Package hyperref Info: Option `bookmarksopen' set `true' on input line 4073.
Package hyperref Info: Option `implicit' set `false' on input line 4073.
Package hyperref Info: Hyper figures OFF on input line 4192.
Package hyperref Info: Link nesting OFF on input line 4197.
Package hyperref Info: Hyper index ON on input line 4200.
Package hyperref Info: Plain pages OFF on input line 4207.
Package hyperref Info: Backreferencing OFF on input line 4212.
Package hyperref Info: Implicit mode OFF; no redefinition of LaTeX internals.
Package hyperref Info: Bookmarks ON on input line 4445.
\c@Hy@tempcnt=\count290
 (/usr/share/texlive/texmf-dist/tex/latex/url/url.sty
\Urlmuskip=\muskip16
Package: url 2013/09/16  ver 3.4  Verb mode for urls, etc.
)
LaTeX Info: Redefining \url on input line 4804.
\XeTeXLinkMargin=\dimen258
 (/usr/share/texlive/texmf-dist/tex/generic/bitset/bitset.sty
Package: bitset 2019/12/09 v1.3 Handle bit-vector datatype (HO)
 (/usr/share/texlive/texmf-dist/tex/generic/bigintcalc/bigintcalc.sty
Package: bigintcalc 2019/12/15 v1.5 Expandable calculations on big integers (HO)
))
\Fld@menulength=\count291
\Field@Width=\dimen259
\Fld@charsize=\dimen260
Package hyperref Info: Hyper figures OFF on input line 6075.
Package hyperref Info: Link nesting OFF on input line 6080.
Package hyperref Info: Hyper index ON on input line 6083.
Package hyperref Info: backreferencing OFF on input line 6090.
Package hyperref Info: Link coloring OFF on input line 6095.
Package hyperref Info: Link coloring with OCG OFF on input line 6100.
Package hyperref Info: PDF/A mode OFF on input line 6105.
LaTeX Info: Redefining \ref on input line 6145.
LaTeX Info: Redefining \pageref on input line 6149.
\Hy@abspage=\count292


Package hyperref Message: Stopped early.

)
Package hyperref Info: Driver (autodetected): hpdftex.
 (/usr/share/texlive/texmf-dist/tex/latex/hyperref/hpdftex.def
File: hpdftex.def 2021-02-27 v7.00k Hyperref driver for pdfTeX
 (/usr/share/texlive/texmf-dist/tex/latex/base/atveryend-ltx.sty
Package: atveryend-ltx 2020/08/19 v1.0a Emulation of the original atvery package
with kernel methods
)
\Fld@listcount=\count293
\c@bookmark@seq@number=\count294
 (/usr/share/texlive/texmf-dist/tex/latex/rerunfilecheck/rerunfilecheck.sty
Package: rerunfilecheck 2019/12/05 v1.9 Rerun checks for auxiliary files (HO)
 (/usr/share/texlive/texmf-dist/tex/generic/uniquecounter/uniquecounter.sty
Package: uniquecounter 2019/12/15 v1.4 Provide unlimited unique counter (HO)
)
Package uniquecounter Info: New unique counter `rerunfilecheck' on input line 286.
)) (/usr/share/texlive/texmf-dist/tex/latex/beamer/beamerbaserequires.sty (/usr/share/texlive/texmf-dist/tex/latex/beamer/beamerbasecompatibility.sty) (/usr/share/texlive/texmf-dist/tex/latex/beamer/beamerbasefont.sty (/usr/share/texlive/texmf-dist/tex/latex/amsfonts/amssymb.sty
Package: amssymb 2013/01/14 v3.01 AMS font symbols
 (/usr/share/texlive/texmf-dist/tex/latex/amsfonts/amsfonts.sty
Package: amsfonts 2013/01/14 v3.01 Basic AMSFonts support
\@emptytoks=\toks27
\symAMSa=\mathgroup4
\symAMSb=\mathgroup5
LaTeX Font Info:    Redeclaring math symbol \hbar on input line 98.
LaTeX Font Info:    Overwriting math alphabet `\mathfrak' in version `bold'
(Font)                  U/euf/m/n --> U/euf/b/n on input line 106.
)) (/usr/share/texlive/texmf-dist/tex/latex/sansmathaccent/sansmathaccent.sty
Package: sansmathaccent 2020/01/31
 (/usr/share/texlive/texmf-dist/tex/latex/koma-script/scrlfile.sty
Package: scrlfile 2021/03/17 v3.33 KOMA-Script package (file load hooks)
 (/usr/share/texlive/texmf-dist/tex/latex/koma-script/scrlfile-hook.sty
Package: scrlfile-hook 2021/03/17 v3.33 KOMA-Script package (using LaTeX hooks)

LaTeX3 Info: Defining command \BeforeFile with sig. 'm' on line 61.


LaTeX3 Info: Defining command \AfterFile with sig. 'm' on line 65.


LaTeX3 Info: Defining command \BeforeClass with sig. 'm' on line 69.


LaTeX3 Info: Defining command \BeforePackage with sig. 'm' on line 73.


LaTeX3 Info: Defining command \AfterAtEndOfClass with sig. 'smo+m' on line 83.


LaTeX3 Info: Defining command \AfterAtEndOfPackage with sig. 'smo+m' on line
(LaTeX3)     93.


LaTeX3 Info: Defining command \scrlfile@AfterClass with sig. 'smo+m' on line
(LaTeX3)     173.


LaTeX3 Info: Defining command \AfterClass with sig. '' on line 174.


LaTeX3 Info: Defining command \scrlfile@AfterPackage with sig. 'smo+m' on line
(LaTeX3)     191.


LaTeX3 Info: Defining command \AfterPackage with sig. '' on line 192.


LaTeX3 Info: Defining command \ReplaceInput with sig. '' on line 193.


LaTeX3 Info: Defining command \ReplaceClass with sig. 'mm' on line 196.


LaTeX3 Info: Defining command \ReplacePackage with sig. 'mm' on line 199.


LaTeX3 Info: Defining command \UnReplaceInput with sig. '' on line 200.


LaTeX3 Info: Defining command \UnReplaceClass with sig. 'm' on line 203.


LaTeX3 Info: Defining command \UnReplacePackage with sig. 'mm' on line 206.


LaTeX3 Info: Defining command \PreventPackageFromLoading with sig. 's+om' on
(LaTeX3)     line 234.


LaTeX3 Info: Defining command \StorePreventPackageFromLoading with sig. 'm' on
(LaTeX3)     line 242.


LaTeX3 Info: Defining command \ResetPreventPackageFromLoading with sig. '' on
(LaTeX3)     line 247.


LaTeX3 Info: Defining command \UnPreventPackageFromLoading with sig. 'sm' on
(LaTeX3)     line 261.


LaTeX3 Info: Defining command \BeforeClosingMainAux with sig. 'om' on line
(LaTeX3)     274.


LaTeX3 Info: Defining command \AfterReadingMainAux with sig. 'om' on line 287.


LaTeX3 Info: Defining command \protected@immediate@write with sig. 'm+m+m' on
(LaTeX3)     line 298.

 (/usr/share/texlive/texmf-dist/tex/latex/koma-script/scrlogo.sty
Package: scrlogo 2021/03/17 v3.33 KOMA-Script package (logo)
))))) (/usr/share/texlive/texmf-dist/tex/latex/beamer/beamerbasetranslator.sty (/usr/share/texlive/texmf-dist/tex/latex/translator/translator.sty
Package: translator 2020-08-03 v1.12c Easy translation of strings in LaTeX
)) (/usr/share/texlive/texmf-dist/tex/latex/beamer/beamerbasemisc.sty) (/usr/share/texlive/texmf-dist/tex/latex/beamer/beamerbasetwoscreens.sty) (/usr/share/texlive/texmf-dist/tex/latex/beamer/beamerbaseoverlay.sty
\beamer@argscount=\count295
\beamer@lastskipcover=\skip50
\beamer@trivlistdepth=\count296
) (/usr/share/texlive/texmf-dist/tex/latex/beamer/beamerbasetitle.sty) (/usr/share/texlive/texmf-dist/tex/latex/beamer/beamerbasesection.sty
\c@lecture=\count297
\c@part=\count298
\c@section=\count299
\c@subsection=\count300
\c@subsubsection=\count301
) (/usr/share/texlive/texmf-dist/tex/latex/beamer/beamerbaseframe.sty
\beamer@framebox=\box62
\beamer@frametitlebox=\box63
\beamer@zoombox=\box64
\beamer@zoomcount=\count302
\beamer@zoomframecount=\count303
\beamer@frametextheight=\dimen261
\c@subsectionslide=\count304
\beamer@frametopskip=\skip51
\beamer@framebottomskip=\skip52
\beamer@frametopskipautobreak=\skip53
\beamer@framebottomskipautobreak=\skip54
\beamer@envbody=\toks28
\framewidth=\dimen262
\c@framenumber=\count305
) (/usr/share/texlive/texmf-dist/tex/latex/beamer/beamerbaseverbatim.sty
\beamer@verbatimfileout=\write4
) (/usr/share/texlive/texmf-dist/tex/latex/beamer/beamerbaseframesize.sty
\beamer@splitbox=\box65
\beamer@autobreakcount=\count306
\beamer@autobreaklastheight=\dimen263
\beamer@frametitletoks=\toks29
\beamer@framesubtitletoks=\toks30
) (/usr/share/texlive/texmf-dist/tex/latex/beamer/beamerbaseframecomponents.sty
\beamer@footins=\box66
) (/usr/share/texlive/texmf-dist/tex/latex/beamer/beamerbasecolor.sty) (/usr/share/texlive/texmf-dist/tex/latex/beamer/beamerbasenotes.sty
\beamer@frameboxcopy=\box67
) (/usr/share/texlive/texmf-dist/tex/latex/beamer/beamerbasetoc.sty) (/usr/share/texlive/texmf-dist/tex/latex/beamer/beamerbasetemplates.sty
\beamer@sbttoks=\toks31
 (/usr/share/texlive/texmf-dist/tex/latex/beamer/beamerbaseauxtemplates.sty (/usr/share/texlive/texmf-dist/tex/latex/beamer/beamerbaseboxes.sty
\bmb@box=\box68
\bmb@colorbox=\box69
\bmb@boxwidth=\dimen264
\bmb@boxheight=\dimen265
\bmb@prevheight=\dimen266
\bmb@temp=\dimen267
\bmb@dima=\dimen268
\bmb@dimb=\dimen269
\bmb@prevheight=\dimen270
)
\beamer@blockheadheight=\dimen271
)) (/usr/share/texlive/texmf-dist/tex/latex/beamer/beamerbaselocalstructure.sty (/usr/share/texlive/texmf-dist/tex/latex/tools/enumerate.sty
Package: enumerate 2015/07/23 v3.00 enumerate extensions (DPC)
\@enLab=\toks32
)
\beamer@bibiconwidth=\skip55
\c@figure=\count307
\c@table=\count308
\abovecaptionskip=\skip56
\belowcaptionskip=\skip57
) (/usr/share/texlive/texmf-dist/tex/latex/beamer/beamerbasenavigation.sty
\beamer@section@min@dim=\dimen272
) (/usr/share/texlive/texmf-dist/tex/latex/beamer/beamerbasetheorems.sty (/usr/share/texlive/texmf-dist/tex/latex/amsmath/amsmath.sty
Package: amsmath 2020/09/23 v2.17i AMS math features
\@mathmargin=\skip58

For additional information on amsmath, use the `?' option.
(/usr/share/texlive/texmf-dist/tex/latex/amsmath/amstext.sty
Package: amstext 2000/06/29 v2.01 AMS text
 (/usr/share/texlive/texmf-dist/tex/latex/amsmath/amsgen.sty
File: amsgen.sty 1999/11/30 v2.0 generic functions
\@emptytoks=\toks33
\ex@=\dimen273
)) (/usr/share/texlive/texmf-dist/tex/latex/amsmath/amsbsy.sty
Package: amsbsy 1999/11/29 v1.2d Bold Symbols
\pmbraise@=\dimen274
) (/usr/share/texlive/texmf-dist/tex/latex/amsmath/amsopn.sty
Package: amsopn 2016/03/08 v2.02 operator names
)
\inf@bad=\count309
LaTeX Info: Redefining \frac on input line 234.
\uproot@=\count310
\leftroot@=\count311
LaTeX Info: Redefining \overline on input line 399.
\classnum@=\count312
\DOTSCASE@=\count313
LaTeX Info: Redefining \ldots on input line 496.
LaTeX Info: Redefining \dots on input line 499.
LaTeX Info: Redefining \cdots on input line 620.
\Mathstrutbox@=\box70
\strutbox@=\box71
\big@size=\dimen275
LaTeX Font Info:    Redeclaring font encoding OML on input line 743.
LaTeX Font Info:    Redeclaring font encoding OMS on input line 744.
\macc@depth=\count314
\c@MaxMatrixCols=\count315
\dotsspace@=\muskip17
\c@parentequation=\count316
\dspbrk@lvl=\count317
\tag@help=\toks34
\row@=\count318
\column@=\count319
\maxfields@=\count320
\andhelp@=\toks35
\eqnshift@=\dimen276
\alignsep@=\dimen277
\tagshift@=\dimen278
\tagwidth@=\dimen279
\totwidth@=\dimen280
\lineht@=\dimen281
\@envbody=\toks36
\multlinegap=\skip59
\multlinetaggap=\skip60
\mathdisplay@stack=\toks37
LaTeX Info: Redefining \[ on input line 2923.
LaTeX Info: Redefining \] on input line 2924.
) (/usr/share/texlive/texmf-dist/tex/latex/amscls/amsthm.sty
Package: amsthm 2020/05/29 v2.20.6
\thm@style=\toks38
\thm@bodyfont=\toks39
\thm@headfont=\toks40
\thm@notefont=\toks41
\thm@headpunct=\toks42
\thm@preskip=\skip61
\thm@postskip=\skip62
\thm@headsep=\skip63
\dth@everypar=\toks43
)
\c@theorem=\count321
) (/usr/share/texlive/texmf-dist/tex/latex/beamer/beamerbasethemes.sty)) (/usr/share/texlive/texmf-dist/tex/latex/beamer/beamerthemedefault.sty (/usr/share/texlive/texmf-dist/tex/latex/beamer/beamerfontthemedefault.sty) (/usr/share/texlive/texmf-dist/tex/latex/beamer/beamercolorthemedefault.sty) (/usr/share/texlive/texmf-dist/tex/latex/beamer/beamerinnerthemedefault.sty
\beamer@dima=\dimen282
\beamer@dimb=\dimen283
) (/usr/share/texlive/texmf-dist/tex/latex/beamer/beamerouterthemedefault.sty))) (/usr/share/texlive/texmf-dist/tex/latex/biblatex/biblatex.sty
Package: biblatex 2022/02/02 v3.17 programmable bibliographies (PK/MW)
 (/usr/share/texlive/texmf-dist/tex/latex/logreq/logreq.sty
Package: logreq 2010/08/04 v1.0 xml request logger
\lrq@indent=\count322
 (/usr/share/texlive/texmf-dist/tex/latex/logreq/logreq.def
File: logreq.def 2010/08/04 v1.0 logreq spec v1.0
)) (/usr/share/texlive/texmf-dist/tex/latex/base/ifthen.sty
Package: ifthen 2014/09/29 v1.1c Standard LaTeX ifthen package (DPC)
)
\c@tabx@nest=\count323
\c@listtotal=\count324
\c@listcount=\count325
\c@liststart=\count326
\c@liststop=\count327
\c@citecount=\count328
\c@citetotal=\count329
\c@multicitecount=\count330
\c@multicitetotal=\count331
\c@instcount=\count332
\c@maxnames=\count333
\c@minnames=\count334
\c@maxitems=\count335
\c@minitems=\count336
\c@citecounter=\count337
\c@maxcitecounter=\count338
\c@savedcitecounter=\count339
\c@uniquelist=\count340
\c@uniquename=\count341
\c@refsection=\count342
\c@refsegment=\count343
\c@maxextratitle=\count344
\c@maxextratitleyear=\count345
\c@maxextraname=\count346
\c@maxextradate=\count347
\c@maxextraalpha=\count348
\c@abbrvpenalty=\count349
\c@highnamepenalty=\count350
\c@lownamepenalty=\count351
\c@maxparens=\count352
\c@parenlevel=\count353
\blx@tempcnta=\count354
\blx@tempcntb=\count355
\blx@tempcntc=\count356
\c@blx@maxsection=\count357
\c@blx@maxsegment@0=\count358
\blx@notetype=\count359
\blx@parenlevel@text=\count360
\blx@parenlevel@foot=\count361
\c@blx@sectionciteorder@0=\count362
\blx@entrysetcounter=\count363
\blx@biblioinstance=\count364
\labelnumberwidth=\skip64
\labelalphawidth=\skip65
\biblabelsep=\skip66
\bibitemsep=\skip67
\bibnamesep=\skip68
\bibinitsep=\skip69
\bibparsep=\skip70
\bibhang=\skip71
\blx@bcfin=\read3
\blx@bcfout=\write5
\blx@langwohyphens=\language3
\c@mincomprange=\count365
\c@maxcomprange=\count366
\c@mincompwidth=\count367
Package biblatex Info: Trying to load biblatex default data model...
Package biblatex Info: ... file 'blx-dm.def' found.
 (/usr/share/texlive/texmf-dist/tex/latex/biblatex/blx-dm.def
File: blx-dm.def 2022/02/02 v3.17 biblatex localization (PK/MW)
)
Package biblatex Info: Trying to load biblatex custom data model...
Package biblatex Info: ... file 'biblatex-dm.cfg' not found.
\c@afterword=\count368
\c@savedafterword=\count369
\c@annotator=\count370
\c@savedannotator=\count371
\c@author=\count372
\c@savedauthor=\count373
\c@bookauthor=\count374
\c@savedbookauthor=\count375
\c@commentator=\count376
\c@savedcommentator=\count377
\c@editor=\count378
\c@savededitor=\count379
\c@editora=\count380
\c@savededitora=\count381
\c@editorb=\count382
\c@savededitorb=\count383
\c@editorc=\count384
\c@savededitorc=\count385
\c@foreword=\count386
\c@savedforeword=\count387
\c@holder=\count388
\c@savedholder=\count389
\c@introduction=\count390
\c@savedintroduction=\count391
\c@namea=\count392
\c@savednamea=\count393
\c@nameb=\count394
\c@savednameb=\count395
\c@namec=\count396
\c@savednamec=\count397
\c@translator=\count398
\c@savedtranslator=\count399
\c@shortauthor=\count400
\c@savedshortauthor=\count401
\c@shorteditor=\count402
\c@savedshorteditor=\count403
\c@labelname=\count404
\c@savedlabelname=\count405
\c@institution=\count406
\c@savedinstitution=\count407
\c@lista=\count408
\c@savedlista=\count409
\c@listb=\count410
\c@savedlistb=\count411
\c@listc=\count412
\c@savedlistc=\count413
\c@listd=\count414
\c@savedlistd=\count415
\c@liste=\count416
\c@savedliste=\count417
\c@listf=\count418
\c@savedlistf=\count419
\c@location=\count420
\c@savedlocation=\count421
\c@organization=\count422
\c@savedorganization=\count423
\c@origlocation=\count424
\c@savedoriglocation=\count425
\c@origpublisher=\count426
\c@savedorigpublisher=\count427
\c@publisher=\count428
\c@savedpublisher=\count429
\c@language=\count430
\c@savedlanguage=\count431
\c@origlanguage=\count432
\c@savedoriglanguage=\count433
\c@pageref=\count434
\c@savedpageref=\count435
\shorthandwidth=\skip72
\shortjournalwidth=\skip73
\shortserieswidth=\skip74
\shorttitlewidth=\skip75
\shortauthorwidth=\skip76
\shorteditorwidth=\skip77
\locallabelnumberwidth=\skip78
\locallabelalphawidth=\skip79
\localshorthandwidth=\skip80
\localshortjournalwidth=\skip81
\localshortserieswidth=\skip82
\localshorttitlewidth=\skip83
\localshortauthorwidth=\skip84
\localshorteditorwidth=\skip85
Package biblatex Info: Trying to load compatibility code...
Package biblatex Info: ... file 'blx-compat.def' found.
 (/usr/share/texlive/texmf-dist/tex/latex/biblatex/blx-compat.def
File: blx-compat.def 2022/02/02 v3.17 biblatex compatibility (PK/MW)
)
Package biblatex Info: Trying to load generic definitions...
Package biblatex Info: ... file 'biblatex.def' found.
 (/usr/share/texlive/texmf-dist/tex/latex/biblatex/biblatex.def
File: biblatex.def 2022/02/02 v3.17 biblatex compatibility (PK/MW)
\c@textcitecount=\count436
\c@textcitetotal=\count437
\c@textcitemaxnames=\count438
\c@biburlbigbreakpenalty=\count439
\c@biburlbreakpenalty=\count440
\c@biburlnumpenalty=\count441
\c@biburlucpenalty=\count442
\c@biburllcpenalty=\count443
\biburlbigskip=\muskip18
\biburlnumskip=\muskip19
\biburlucskip=\muskip20
\biburllcskip=\muskip21
\c@smartand=\count444
)
Package biblatex Info: Trying to load bibliography style 'numeric'...
Package biblatex Info: ... file 'numeric.bbx' found.
 (/usr/share/texlive/texmf-dist/tex/latex/biblatex/bbx/numeric.bbx
File: numeric.bbx 2022/02/02 v3.17 biblatex bibliography style (PK/MW)
Package biblatex Info: Trying to load bibliography style 'standard'...
Package biblatex Info: ... file 'standard.bbx' found.
 (/usr/share/texlive/texmf-dist/tex/latex/biblatex/bbx/standard.bbx
File: standard.bbx 2022/02/02 v3.17 biblatex bibliography style (PK/MW)
\c@bbx:relatedcount=\count445
\c@bbx:relatedtotal=\count446
))
Package biblatex Info: Trying to load citation style 'numeric'...
Package biblatex Info: ... file 'numeric.cbx' found.
 (/usr/share/texlive/texmf-dist/tex/latex/biblatex/cbx/numeric.cbx
File: numeric.cbx 2022/02/02 v3.17 biblatex citation style (PK/MW)
Package biblatex Info: Redefining '\cite'.
Package biblatex Info: Redefining '\parencite'.
Package biblatex Info: Redefining '\footcite'.
Package biblatex Info: Redefining '\footcitetext'.
Package biblatex Info: Redefining '\smartcite'.
Package biblatex Info: Redefining '\supercite'.
Package biblatex Info: Redefining '\textcite'.
Package biblatex Info: Redefining '\textcites'.
Package biblatex Info: Redefining '\cites'.
Package biblatex Info: Redefining '\parencites'.
Package biblatex Info: Redefining '\smartcites'.
)
Package biblatex Info: Trying to load configuration file...
Package biblatex Info: ... file 'biblatex.cfg' found.
 (/usr/share/texlive/texmf-dist/tex/latex/biblatex/biblatex.cfg
File: biblatex.cfg 
)
Package biblatex Info: Input encoding 'utf8' detected.
Package biblatex Info: Document encoding is UTF8 ....
 (/usr/share/texlive/texmf-dist/tex/latex/l3kernel/expl3.sty
Package: expl3 2021-05-07 L3 programming layer (loader) 
 (/usr/share/texlive/texmf-dist/tex/latex/l3backend/l3backend-pdftex.def
File: l3backend-pdftex.def 2021-05-07 L3 backend support: PDF output (pdfTeX)
\l__color_backend_stack_int=\count447
\l__pdf_internal_box=\box72
))
Package biblatex Info: ... and expl3
(biblatex)             2021-05-07 L3 programming layer (loader) 
(biblatex)             is new enough (at least 2020/04/06),
(biblatex)             setting 'casechanger=expl3'.
 (/usr/share/texlive/texmf-dist/tex/latex/biblatex/blx-case-expl3.sty (/usr/share/texlive/texmf-dist/tex/latex/l3packages/xparse/xparse.sty (/usr/share/texlive/texmf-dist/tex/latex/l3packages/xparse/xparse-2020-10-01.sty (/usr/share/texlive/texmf-dist/tex/latex/l3packages/xparse/xparse-generic.tex)))
Package: blx-case-expl3 2022/02/02 v3.17 expl3 case changing code for biblatex
)) (/usr/share/texlive/texmf-dist/tex/latex/beamertheme-metropolis/beamerthememetropolis.sty
Package: beamerthememetropolis 2017/01/23 v1.2 Metropolis Beamer theme
 (/usr/share/texlive/texmf-dist/tex/latex/pgfopts/pgfopts.sty
Package: pgfopts 2014/07/10 v2.1a LaTeX package options with pgfkeys
 (/usr/share/texlive/texmf-dist/tex/latex/pgf/utilities/pgfkeys.sty (/usr/share/texlive/texmf-dist/tex/generic/pgf/utilities/pgfkeys.code.tex))
\pgfopts@list@add@a@toks=\toks44
\pgfopts@list@add@b@toks=\toks45
) (/usr/share/texlive/texmf-dist/tex/latex/beamertheme-metropolis/beamerinnerthememetropolis.sty
Package: beamerinnerthememetropolis 2017/01/23 Metropolis inner theme
 (/usr/share/texlive/texmf-dist/tex/latex/tools/calc.sty
Package: calc 2017/05/25 v4.3 Infix arithmetic (KKT,FJ)
\calc@Acount=\count448
\calc@Bcount=\count449
\calc@Adimen=\dimen284
\calc@Bdimen=\dimen285
\calc@Askip=\skip86
\calc@Bskip=\skip87
LaTeX Info: Redefining \setlength on input line 80.
LaTeX Info: Redefining \addtolength on input line 81.
\calc@Ccount=\count450
\calc@Cskip=\skip88
) (/usr/share/texlive/texmf-dist/tex/latex/pgf/frontendlayer/tikz.sty (/usr/share/texlive/texmf-dist/tex/latex/pgf/basiclayer/pgf.sty
Package: pgf 2020/12/27 v3.1.8b (3.1.8b)
 (/usr/share/texlive/texmf-dist/tex/generic/pgf/modules/pgfmoduleshapes.code.tex
File: pgfmoduleshapes.code.tex 2020/12/27 v3.1.8b (3.1.8b)
\pgfnodeparttextbox=\box73
) (/usr/share/texlive/texmf-dist/tex/generic/pgf/modules/pgfmoduleplot.code.tex
File: pgfmoduleplot.code.tex 2020/12/27 v3.1.8b (3.1.8b)
) (/usr/share/texlive/texmf-dist/tex/latex/pgf/compatibility/pgfcomp-version-0-65.sty
Package: pgfcomp-version-0-65 2020/12/27 v3.1.8b (3.1.8b)
\pgf@nodesepstart=\dimen286
\pgf@nodesepend=\dimen287
) (/usr/share/texlive/texmf-dist/tex/latex/pgf/compatibility/pgfcomp-version-1-18.sty
Package: pgfcomp-version-1-18 2020/12/27 v3.1.8b (3.1.8b)
)) (/usr/share/texlive/texmf-dist/tex/latex/pgf/utilities/pgffor.sty (/usr/share/texlive/texmf-dist/tex/latex/pgf/math/pgfmath.sty (/usr/share/texlive/texmf-dist/tex/generic/pgf/math/pgfmath.code.tex)) (/usr/share/texlive/texmf-dist/tex/generic/pgf/utilities/pgffor.code.tex
Package: pgffor 2020/12/27 v3.1.8b (3.1.8b)
 (/usr/share/texlive/texmf-dist/tex/generic/pgf/math/pgfmath.code.tex)
\pgffor@iter=\dimen288
\pgffor@skip=\dimen289
\pgffor@stack=\toks46
\pgffor@toks=\toks47
)) (/usr/share/texlive/texmf-dist/tex/generic/pgf/frontendlayer/tikz/tikz.code.tex
Package: tikz 2020/12/27 v3.1.8b (3.1.8b)
 (/usr/share/texlive/texmf-dist/tex/generic/pgf/libraries/pgflibraryplothandlers.code.tex
File: pgflibraryplothandlers.code.tex 2020/12/27 v3.1.8b (3.1.8b)
\pgf@plot@mark@count=\count451
\pgfplotmarksize=\dimen290
)
\tikz@lastx=\dimen291
\tikz@lasty=\dimen292
\tikz@lastxsaved=\dimen293
\tikz@lastysaved=\dimen294
\tikz@lastmovetox=\dimen295
\tikz@lastmovetoy=\dimen296
\tikzleveldistance=\dimen297
\tikzsiblingdistance=\dimen298
\tikz@figbox=\box74
\tikz@figbox@bg=\box75
\tikz@tempbox=\box76
\tikz@tempbox@bg=\box77
\tikztreelevel=\count452
\tikznumberofchildren=\count453
\tikznumberofcurrentchild=\count454
\tikz@fig@count=\count455
 (/usr/share/texlive/texmf-dist/tex/generic/pgf/modules/pgfmodulematrix.code.tex
File: pgfmodulematrix.code.tex 2020/12/27 v3.1.8b (3.1.8b)
\pgfmatrixcurrentrow=\count456
\pgfmatrixcurrentcolumn=\count457
\pgf@matrix@numberofcolumns=\count458
)
\tikz@expandcount=\count459
 (/usr/share/texlive/texmf-dist/tex/generic/pgf/frontendlayer/tikz/libraries/tikzlibrarytopaths.code.tex
File: tikzlibrarytopaths.code.tex 2020/12/27 v3.1.8b (3.1.8b)
)))
\metropolis@titleseparator@linewidth=\skip89
\metropolis@progressonsectionpage=\skip90
\metropolis@progressonsectionpage@linewidth=\skip91
\metropolis@blocksep=\skip92
\metropolis@blockadjust=\skip93
\metropolis@parskip=\skip94
) (/usr/share/texlive/texmf-dist/tex/latex/beamertheme-metropolis/beamerouterthememetropolis.sty
Package: beamerouterthememetropolis 2017/01/23 Metropolis outer theme
\metropolis@frametitle@padding=\skip95
\metropolis@progressinheadfoot=\skip96
\metropolis@progressinheadfoot@linewidth=\skip97
) (/usr/share/texlive/texmf-dist/tex/latex/beamertheme-metropolis/beamercolorthememetropolis.sty
Package: beamercolorthememetropolis 2017/01/23 Metropolis color theme
) (/usr/share/texlive/texmf-dist/tex/latex/beamertheme-metropolis/beamerfontthememetropolis.sty
Package: beamerfontthememetropolis 2017/01/23 Metropolis font theme
 (/usr/share/texlive/texmf-dist/tex/generic/iftex/ifxetex.sty
Package: ifxetex 2019/10/25 v0.7 ifxetex legacy package. Use iftex instead.
) (/usr/share/texlive/texmf-dist/tex/generic/iftex/ifluatex.sty
Package: ifluatex 2019/10/25 v1.5 ifluatex legacy package. Use iftex instead.
)

Package beamerthememetropolis Warning: You need to compile with XeLaTeX or LuaLaTeX to use the Fira fonts on input line 95.

)) (/usr/share/texlive/texmf-dist/tex/latex/appendixnumberbeamer/appendixnumberbeamer.sty) (/usr/share/texlive/texmf-dist/tex/latex/booktabs/booktabs.sty
Package: booktabs 2020/01/12 v1.61803398 Publication quality tables
\heavyrulewidth=\dimen299
\lightrulewidth=\dimen300
\cmidrulewidth=\dimen301
\belowrulesep=\dimen302
\belowbottomsep=\dimen303
\aboverulesep=\dimen304
\abovetopsep=\dimen305
\cmidrulesep=\dimen306
\cmidrulekern=\dimen307
\defaultaddspace=\dimen308
\@cmidla=\count460
\@cmidlb=\count461
\@aboverulesep=\dimen309
\@belowrulesep=\dimen310
\@thisruleclass=\count462
\@lastruleclass=\count463
\@thisrulewidth=\dimen311
) (/usr/share/texlive/texmf-dist/tex/latex/ccicons/ccicons.sty
Package: ccicons 2017/10/30 v1.6 LaTeX support for Creative Commons icons
 (/usr/share/texlive/texmf-dist/tex/latex/xkeyval/xkeyval.sty
Package: xkeyval 2020/11/20 v2.8 package option processing (HA)
 (/usr/share/texlive/texmf-dist/tex/generic/xkeyval/xkeyval.tex (/usr/share/texlive/texmf-dist/tex/generic/xkeyval/xkvutils.tex
\XKV@toks=\toks48
\XKV@tempa@toks=\toks49
)
\XKV@depth=\count464
File: xkeyval.tex 2014/12/03 v2.7a key=value parser (HA)
))) (/usr/share/texlive/texmf-dist/tex/latex/pgfplots/pgfplots.sty (/usr/share/texlive/texmf-dist/tex/generic/pgfplots/pgfplots.revision.tex)
Package: pgfplots 2021/05/08 v1.18 Data Visualization (1.18)
 (/usr/share/texlive/texmf-dist/tex/generic/pgfplots/pgfplots.code.tex (/usr/share/texlive/texmf-dist/tex/generic/pgfplots/pgfplotscore.code.tex
\t@pgfplots@toka=\toks50
\t@pgfplots@tokb=\toks51
\t@pgfplots@tokc=\toks52
\pgfplots@tmpa=\dimen312
\c@pgfplots@coordindex=\count465
\c@pgfplots@scanlineindex=\count466
 (/usr/share/texlive/texmf-dist/tex/generic/pgfplots/sys/pgfplotssysgeneric.code.tex)) (/usr/share/texlive/texmf-dist/tex/generic/pgfplots/libs/pgfplotslibrary.code.tex) (/usr/share/texlive/texmf-dist/tex/generic/pgfplots/oldpgfcompatib/pgfplotsoldpgfsupp_loader.code.tex (/usr/share/texlive/texmf-dist/tex/generic/pgf/libraries/pgflibraryfpu.code.tex)) (/usr/share/texlive/texmf-dist/tex/generic/pgfplots/util/pgfplotsutil.code.tex (/usr/share/texlive/texmf-dist/tex/generic/pgfplots/liststructure/pgfplotsliststructure.code.tex) (/usr/share/texlive/texmf-dist/tex/generic/pgfplots/liststructure/pgfplotsliststructureext.code.tex) (/usr/share/texlive/texmf-dist/tex/generic/pgfplots/liststructure/pgfplotsarray.code.tex
\c@pgfplotsarray@tmp=\count467
) (/usr/share/texlive/texmf-dist/tex/generic/pgfplots/liststructure/pgfplotsmatrix.code.tex) (/usr/share/texlive/texmf-dist/tex/generic/pgfplots/numtable/pgfplotstableshared.code.tex
\c@pgfplotstable@counta=\count468
\t@pgfplotstable@a=\toks53
) (/usr/share/texlive/texmf-dist/tex/generic/pgfplots/liststructure/pgfplotsdeque.code.tex) (/usr/share/texlive/texmf-dist/tex/generic/pgfplots/util/pgfplotsbinary.code.tex (/usr/share/texlive/texmf-dist/tex/generic/pgfplots/util/pgfplotsbinary.data.code.tex)) (/usr/share/texlive/texmf-dist/tex/generic/pgfplots/util/pgfplotsutil.verb.code.tex) (/usr/share/texlive/texmf-dist/tex/generic/pgfplots/libs/pgflibrarypgfplots.surfshading.code.tex
\c@pgfplotslibrarysurf@no=\count469
 (/usr/share/texlive/texmf-dist/tex/generic/pgfplots/sys/pgflibrarypgfplots.surfshading.pgfsys-pdftex.def))) (/usr/share/texlive/texmf-dist/tex/generic/pgfplots/util/pgfplotscolormap.code.tex (/usr/share/texlive/texmf-dist/tex/generic/pgfplots/util/pgfplotscolor.code.tex)) (/usr/share/texlive/texmf-dist/tex/generic/pgfplots/pgfplotsstackedplots.code.tex) (/usr/share/texlive/texmf-dist/tex/generic/pgfplots/pgfplotsplothandlers.code.tex (/usr/share/texlive/texmf-dist/tex/generic/pgfplots/pgfplotsmeshplothandler.code.tex (/usr/share/texlive/texmf-dist/tex/generic/pgfplots/pgfplotsmeshplotimage.code.tex))) (/usr/share/texlive/texmf-dist/tex/generic/pgfplots/pgfplots.scaling.code.tex) (/usr/share/texlive/texmf-dist/tex/generic/pgfplots/pgfplotscoordprocessing.code.tex) (/usr/share/texlive/texmf-dist/tex/generic/pgfplots/pgfplots.errorbars.code.tex) (/usr/share/texlive/texmf-dist/tex/generic/pgfplots/pgfplots.markers.code.tex) (/usr/share/texlive/texmf-dist/tex/generic/pgfplots/pgfplotsticks.code.tex) (/usr/share/texlive/texmf-dist/tex/generic/pgfplots/pgfplots.paths.code.tex) (/usr/share/texlive/texmf-dist/tex/generic/pgf/frontendlayer/tikz/libraries/tikzlibrarydecorations.code.tex (/usr/share/texlive/texmf-dist/tex/generic/pgf/modules/pgfmoduledecorations.code.tex
\pgfdecoratedcompleteddistance=\dimen313
\pgfdecoratedremainingdistance=\dimen314
\pgfdecoratedinputsegmentcompleteddistance=\dimen315
\pgfdecoratedinputsegmentremainingdistance=\dimen316
\pgf@decorate@distancetomove=\dimen317
\pgf@decorate@repeatstate=\count470
\pgfdecorationsegmentamplitude=\dimen318
\pgfdecorationsegmentlength=\dimen319
)
\tikz@lib@dec@box=\box78
) (/usr/share/texlive/texmf-dist/tex/generic/pgf/frontendlayer/tikz/libraries/tikzlibrarydecorations.pathmorphing.code.tex (/usr/share/texlive/texmf-dist/tex/generic/pgf/libraries/decorations/pgflibrarydecorations.pathmorphing.code.tex)) (/usr/share/texlive/texmf-dist/tex/generic/pgf/frontendlayer/tikz/libraries/tikzlibrarydecorations.pathreplacing.code.tex (/usr/share/texlive/texmf-dist/tex/generic/pgf/libraries/decorations/pgflibrarydecorations.pathreplacing.code.tex)) (/usr/share/texlive/texmf-dist/tex/generic/pgfplots/libs/tikzlibrarypgfplots.contourlua.code.tex)
\pgfplots@numplots=\count471
\pgfplots@xmin@reg=\dimen320
\pgfplots@xmax@reg=\dimen321
\pgfplots@ymin@reg=\dimen322
\pgfplots@ymax@reg=\dimen323
\pgfplots@zmin@reg=\dimen324
\pgfplots@zmax@reg=\dimen325
) (/usr/share/texlive/texmf-dist/tex/generic/pgf/frontendlayer/tikz/libraries/tikzlibraryplotmarks.code.tex
File: tikzlibraryplotmarks.code.tex 2020/12/27 v3.1.8b (3.1.8b)
 (/usr/share/texlive/texmf-dist/tex/generic/pgf/libraries/pgflibraryplotmarks.code.tex
File: pgflibraryplotmarks.code.tex 2020/12/27 v3.1.8b (3.1.8b)
))) (/usr/share/texlive/texmf-dist/tex/generic/pgfplots/libs/tikzlibrarypgfplots.dateplot.code.tex (/usr/share/texlive/texmf-dist/tex/latex/pgf/utilities/pgfcalendar.sty (/usr/share/texlive/texmf-dist/tex/generic/pgf/utilities/pgfcalendar.code.tex
File: pgfcalendar.code.tex 2020/12/27 v3.1.8b (3.1.8b)
 (/usr/share/texlive/texmf-dist/tex/generic/pgf/math/pgfint.code.tex)
\pgfcalendarcurrentjulian=\count472
\pgf@cal@easter@Y=\count473
\pgf@cal@easter@G=\count474
\pgf@cal@easter@C=\count475
\pgf@cal@easter@X=\count476
\pgf@cal@easter@Z=\count477
\pgf@cal@easter@D=\count478
\pgf@cal@easter@E=\count479
\pgf@cal@easter@N=\count480
\pgf@cal@easter@M=\count481
\pgf@cal@easter@julianday=\count482
))) (/usr/share/texlive/texmf-dist/tex/latex/caption/caption.sty
Package: caption 2020/10/26 v3.5g Customizing captions (AR)
 (/usr/share/texlive/texmf-dist/tex/latex/caption/caption3.sty
Package: caption3 2020/10/21 v2.2e caption3 kernel (AR)
\captionmargin=\dimen326
\captionmargin@=\dimen327
\captionwidth=\dimen328
\caption@tempdima=\dimen329
\caption@indent=\dimen330
\caption@parindent=\dimen331
\caption@hangindent=\dimen332
Package caption Info: beamer document class detected.
 (/usr/share/texlive/texmf-dist/tex/latex/caption/caption-beamer.sto
File: caption-beamer.sto 2020/08/22 v2.0 Adaption of the caption package to the beamer document classes (AR)
))
\c@caption@flags=\count483
\c@continuedfloat=\count484
Package caption Info: hyperref package is loaded.
Package caption Info: Hyperref support is turned off
(caption)             because hyperref has stopped early.
) (/usr/share/texlive/texmf-dist/tex/latex/tools/xspace.sty
Package: xspace 2014/10/28 v1.13 Space after command names (DPC,MH)
) (/usr/share/texlive/texmf-dist/tex/latex/base/inputenc.sty
Package: inputenc 2020/08/01 v1.3d Input encoding file
\inpenc@prehook=\toks54
\inpenc@posthook=\toks55
)

Package biblatex Warning: Load 'inputenc' before biblatex.

\@quotelevel=\count485
\@quotereset=\count486
(/usr/share/texlive/texmf-dist/tex/latex/beamertheme-metropolis/pgfplotsthemetol.sty
Package: pgfplotsthemetol 2017/01/23 PGFplots colors based on Paul Tol's SRON technical note
) (./Presentation.aux)
\openout1 = `Presentation.aux'.

LaTeX Font Info:    Checking defaults for OML/cmm/m/it on input line 54.
LaTeX Font Info:    ... okay on input line 54.
LaTeX Font Info:    Checking defaults for OMS/cmsy/m/n on input line 54.
LaTeX Font Info:    ... okay on input line 54.
LaTeX Font Info:    Checking defaults for OT1/cmr/m/n on input line 54.
LaTeX Font Info:    ... okay on input line 54.
LaTeX Font Info:    Checking defaults for T1/cmr/m/n on input line 54.
LaTeX Font Info:    ... okay on input line 54.
LaTeX Font Info:    Checking defaults for TS1/cmr/m/n on input line 54.
LaTeX Font Info:    ... okay on input line 54.
LaTeX Font Info:    Checking defaults for OMX/cmex/m/n on input line 54.
LaTeX Font Info:    ... okay on input line 54.
LaTeX Font Info:    Checking defaults for U/cmr/m/n on input line 54.
LaTeX Font Info:    ... okay on input line 54.
LaTeX Font Info:    Checking defaults for PD1/pdf/m/n on input line 54.
LaTeX Font Info:    ... okay on input line 54.
LaTeX Font Info:    Checking defaults for PU/pdf/m/n on input line 54.
LaTeX Font Info:    ... okay on input line 54.

*geometry* driver: auto-detecting
*geometry* detected driver: pdftex
*geometry* verbose mode - [ preamble ] result:
* driver: pdftex
* paper: custom
* layout: <same size as paper>
* layoutoffset:(h,v)=(0.0pt,0.0pt)
* modes: includehead includefoot 
* h-part:(L,W,R)=(28.45274pt, 398.3386pt, 28.45274pt)
* v-part:(T,H,B)=(0.0pt, 256.0748pt, 0.0pt)
* \paperwidth=455.24408pt
* \paperheight=256.0748pt
* \textwidth=398.3386pt
* \textheight=227.62207pt
* \oddsidemargin=-43.81725pt
* \evensidemargin=-43.81725pt
* \topmargin=-72.26999pt
* \headheight=14.22636pt
* \headsep=0.0pt
* \topskip=11.0pt
* \footskip=14.22636pt
* \marginparwidth=4.0pt
* \marginparsep=10.0pt
* \columnsep=10.0pt
* \skip\footins=10.0pt plus 4.0pt minus 2.0pt
* \hoffset=0.0pt
* \voffset=0.0pt
* \mag=1000
* \@twocolumnfalse
* \@twosidefalse
* \@mparswitchfalse
* \@reversemarginfalse
* (1in=72.27pt=25.4mm, 1cm=28.453pt)

(/usr/share/texlive/texmf-dist/tex/context/base/mkii/supp-pdf.mkii
[Loading MPS to PDF converter (version 2006.09.02).]
\scratchcounter=\count487
\scratchdimen=\dimen333
\scratchbox=\box79
\nofMPsegments=\count488
\nofMParguments=\count489
\everyMPshowfont=\toks56
\MPscratchCnt=\count490
\MPscratchDim=\dimen334
\MPnumerator=\count491
\makeMPintoPDFobject=\count492
\everyMPtoPDFconversion=\toks57
) (/usr/share/texlive/texmf-dist/tex/latex/epstopdf-pkg/epstopdf-base.sty
Package: epstopdf-base 2020-01-24 v2.11 Base part for package epstopdf
Package epstopdf-base Info: Redefining graphics rule for `.eps' on input line 485.
 (/usr/share/texlive/texmf-dist/tex/latex/latexconfig/epstopdf-sys.cfg
File: epstopdf-sys.cfg 2010/07/13 v1.3 Configuration of (r)epstopdf for TeX Live
))
Package hyperref Info: Link coloring OFF on input line 54.
 (/usr/share/texlive/texmf-dist/tex/latex/hyperref/nameref.sty
Package: nameref 2021-04-02 v2.47 Cross-referencing by name of section
 (/usr/share/texlive/texmf-dist/tex/latex/refcount/refcount.sty
Package: refcount 2019/12/15 v3.6 Data extraction from label references (HO)
) (/usr/share/texlive/texmf-dist/tex/generic/gettitlestring/gettitlestring.sty
Package: gettitlestring 2019/12/15 v1.6 Cleanup title references (HO)
)
\c@section@level=\count493
)
LaTeX Info: Redefining \ref on input line 54.
LaTeX Info: Redefining \pageref on input line 54.
LaTeX Info: Redefining \nameref on input line 54.
 (./Presentation.out) (./Presentation.out)
\@outlinefile=\write6
\openout6 = `Presentation.out'.

LaTeX Font Info:    Overwriting symbol font `operators' in version `normal'
(Font)                  OT1/cmr/m/n --> OT1/cmss/m/n on input line 54.
LaTeX Font Info:    Overwriting symbol font `operators' in version `bold'
(Font)                  OT1/cmr/bx/n --> OT1/cmss/b/n on input line 54.
\symnumbers=\mathgroup6
\sympureletters=\mathgroup7
LaTeX Font Info:    Overwriting math alphabet `\mathrm' in version `normal'
(Font)                  OT1/cmss/m/n --> OT1/cmr/m/n on input line 54.
LaTeX Font Info:    Redeclaring math alphabet \mathbf on input line 54.
LaTeX Font Info:    Overwriting math alphabet `\mathbf' in version `normal'
(Font)                  OT1/cmr/bx/n --> OT1/cmss/b/n on input line 54.
LaTeX Font Info:    Overwriting math alphabet `\mathbf' in version `bold'
(Font)                  OT1/cmr/bx/n --> OT1/cmss/b/n on input line 54.
LaTeX Font Info:    Redeclaring math alphabet \mathsf on input line 54.
LaTeX Font Info:    Overwriting math alphabet `\mathsf' in version `normal'
(Font)                  OT1/cmss/m/n --> OT1/cmss/m/n on input line 54.
LaTeX Font Info:    Overwriting math alphabet `\mathsf' in version `bold'
(Font)                  OT1/cmss/bx/n --> OT1/cmss/m/n on input line 54.
LaTeX Font Info:    Redeclaring math alphabet \mathit on input line 54.
LaTeX Font Info:    Overwriting math alphabet `\mathit' in version `normal'
(Font)                  OT1/cmr/m/it --> OT1/cmss/m/it on input line 54.
LaTeX Font Info:    Overwriting math alphabet `\mathit' in version `bold'
(Font)                  OT1/cmr/bx/it --> OT1/cmss/m/it on input line 54.
LaTeX Font Info:    Redeclaring math alphabet \mathtt on input line 54.
LaTeX Font Info:    Overwriting math alphabet `\mathtt' in version `normal'
(Font)                  OT1/cmtt/m/n --> OT1/cmtt/m/n on input line 54.
LaTeX Font Info:    Overwriting math alphabet `\mathtt' in version `bold'
(Font)                  OT1/cmtt/m/n --> OT1/cmtt/m/n on input line 54.
LaTeX Font Info:    Overwriting symbol font `numbers' in version `bold'
(Font)                  OT1/cmss/m/n --> OT1/cmss/b/n on input line 54.
LaTeX Font Info:    Overwriting symbol font `pureletters' in version `bold'
(Font)                  OT1/cmss/m/it --> OT1/cmss/b/it on input line 54.
LaTeX Font Info:    Overwriting math alphabet `\mathrm' in version `bold'
(Font)                  OT1/cmss/b/n --> OT1/cmr/b/n on input line 54.
LaTeX Font Info:    Overwriting math alphabet `\mathbf' in version `bold'
(Font)                  OT1/cmss/b/n --> OT1/cmss/b/n on input line 54.
LaTeX Font Info:    Overwriting math alphabet `\mathsf' in version `bold'
(Font)                  OT1/cmss/m/n --> OT1/cmss/b/n on input line 54.
LaTeX Font Info:    Overwriting math alphabet `\mathit' in version `bold'
(Font)                  OT1/cmss/m/it --> OT1/cmss/b/it on input line 54.
LaTeX Font Info:    Overwriting math alphabet `\mathtt' in version `bold'
(Font)                  OT1/cmtt/m/n --> OT1/cmtt/b/n on input line 54.
LaTeX Font Info:    Redeclaring symbol font `pureletters' on input line 54.
LaTeX Font Info:    Overwriting symbol font `pureletters' in version `normal'
(Font)                  OT1/cmss/m/it --> OT1/mathkerncmss/m/sl on input line 54.
LaTeX Font Info:    Overwriting symbol font `pureletters' in version `bold'
(Font)                  OT1/cmss/b/it --> OT1/mathkerncmss/m/sl on input line 54.
LaTeX Font Info:    Overwriting symbol font `pureletters' in version `bold'
(Font)                  OT1/mathkerncmss/m/sl --> OT1/mathkerncmss/bx/sl on input line 54.
 (/usr/share/texlive/texmf-dist/tex/latex/translator/translator-basic-dictionary-English.dict
Dictionary: translator-basic-dictionary, Language: English 
) (/usr/share/texlive/texmf-dist/tex/latex/translator/translator-bibliography-dictionary-English.dict
Dictionary: translator-bibliography-dictionary, Language: English 
) (/usr/share/texlive/texmf-dist/tex/latex/translator/translator-environment-dictionary-English.dict
Dictionary: translator-environment-dictionary, Language: English 
) (/usr/share/texlive/texmf-dist/tex/latex/translator/translator-months-dictionary-English.dict
Dictionary: translator-months-dictionary, Language: English 
) (/usr/share/texlive/texmf-dist/tex/latex/translator/translator-numbers-dictionary-English.dict
Dictionary: translator-numbers-dictionary, Language: English 
) (/usr/share/texlive/texmf-dist/tex/latex/translator/translator-theorem-dictionary-English.dict
Dictionary: translator-theorem-dictionary, Language: English 
)
Package biblatex Info: Trying to load language 'english'...
Package biblatex Info: ... file 'english.lbx' found.
 (/usr/share/texlive/texmf-dist/tex/latex/biblatex/lbx/english.lbx
File: english.lbx 2022/02/02 v3.17 biblatex localization (PK/MW)
)
Package biblatex Info: Input encoding 'utf8' detected.
Package biblatex Info: Automatic encoding selection.
(biblatex)             Assuming data encoding 'utf8'.
\openout5 = `Presentation.bcf'.

Package biblatex Info: Trying to load bibliographic data...
Package biblatex Info: ... file 'Presentation.bbl' found.
 (./Presentation.bbl)
Package biblatex Info: Reference section=0 on input line 54.
Package biblatex Info: Reference segment=0 on input line 54.

Package pgfplots notification 'compat/show suggested version=true': you might benefit from \pgfplotsset{compat=1.18} (current compat level: 1.9).

Package caption Info: Begin \AtBeginDocument code.
Package caption Info: End \AtBeginDocument code.
(./Presentation.nav)
<Pictures/Vector/PDF/polito_logo.pdf, id=61, 915.42pt x 860.21387pt>
File: Pictures/Vector/PDF/polito_logo.pdf Graphic file (type pdf)
<use Pictures/Vector/PDF/polito_logo.pdf>
Package pdftex.def Info: Pictures/Vector/PDF/polito_logo.pdf  used on input line 56.
(pdftex.def)             Requested size: 45.4105pt x 42.67912pt.

Overfull \vbox (64.57918pt too high) detected at line 56
 []


Overfull \vbox (15.63992pt too high) detected at line 56
 []

[1

{/usr/share/texlive/texmf-var/fonts/map/pdftex/updmap/pdftex.map} <./Pictures/Vector/PDF/polito_logo.pdf>] (./Presentation.toc) [2

]
LaTeX Font Info:    Trying to load font information for U+msa on input line 64.
 (/usr/share/texlive/texmf-dist/tex/latex/amsfonts/umsa.fd
File: umsa.fd 2013/01/14 v3.01 AMS symbols A
)
LaTeX Font Info:    Trying to load font information for U+msb on input line 64.
 (/usr/share/texlive/texmf-dist/tex/latex/amsfonts/umsb.fd
File: umsb.fd 2013/01/14 v3.01 AMS symbols B
)
LaTeX Font Info:    Trying to load font information for OT1+mathkerncmss on input line 64.
 (/usr/share/texlive/texmf-dist/tex/latex/sansmathaccent/ot1mathkerncmss.fd
File: ot1mathkerncmss.fd 2020/01/31 Fontinst v1.933 font definitions for OT1/mathkerncmss.
) [3

]
LaTeX Font Info:    Trying to load font information for TS1+cmss on input line 87.
 (/usr/share/texlive/texmf-dist/tex/latex/base/ts1cmss.fd
File: ts1cmss.fd 2019/12/16 v2.5j Standard LaTeX font definitions
) [4

] [5

] [6

] [7

]
<Pictures/Vector/PDF/hand_bio.pdf, id=116, 533.99493pt x 533.99493pt>
File: Pictures/Vector/PDF/hand_bio.pdf Graphic file (type pdf)
<use Pictures/Vector/PDF/hand_bio.pdf>
Package pdftex.def Info: Pictures/Vector/PDF/hand_bio.pdf  used on input line 100.
(pdftex.def)             Requested size: 119.50279pt x 119.49997pt.
 [8

 <./Pictures/Vector/PDF/hand_bio.pdf>] [9

] [10

] [11

] [12

]
<Pictures/Vector/PDF/3d_printing.pdf, id=196, 449.82729pt x 449.82729pt>
File: Pictures/Vector/PDF/3d_printing.pdf Graphic file (type pdf)
<use Pictures/Vector/PDF/3d_printing.pdf>
Package pdftex.def Info: Pictures/Vector/PDF/3d_printing.pdf  used on input line 133.
(pdftex.def)             Requested size: 119.50279pt x 119.4988pt.
 [13

 <./Pictures/Vector/PDF/3d_printing.pdf>] [14

] [15

] [16

] [17

] [18

] [19

] [20

] [21

] [22

] [23

]
<Pictures/Vector/PDF/sintering_necks.pdf, id=256, 3854.4pt x 2168.1pt>
File: Pictures/Vector/PDF/sintering_necks.pdf Graphic file (type pdf)
<use Pictures/Vector/PDF/sintering_necks.pdf>
Package pdftex.def Info: Pictures/Vector/PDF/sintering_necks.pdf  used on input line 202.
(pdftex.def)             Requested size: 278.83578pt x 156.84413pt.

Overfull \vbox (11.05406pt too high) detected at line 202
 []

[24

 <./Pictures/Vector/PDF/sintering_necks.pdf>] [25

] [26

] [27

] [28

]
<Pictures/Vector/PDF/phbh_molecule.pdf, id=290, 1001.65176pt x 323.85518pt>
File: Pictures/Vector/PDF/phbh_molecule.pdf Graphic file (type pdf)
<use Pictures/Vector/PDF/phbh_molecule.pdf>
Package pdftex.def Info: Pictures/Vector/PDF/phbh_molecule.pdf  used on input line 246.
(pdftex.def)             Requested size: 199.1693pt x 64.39432pt.
 [29

 <./Pictures/Vector/PDF/phbh_molecule.pdf>] [30

] [31

] [32

] [33

]
<Pictures/Vector/PDF/flask.pdf, id=326, 2168.1pt x 2710.125pt>
File: Pictures/Vector/PDF/flask.pdf Graphic file (type pdf)
<use Pictures/Vector/PDF/flask.pdf>
Package pdftex.def Info: Pictures/Vector/PDF/flask.pdf  used on input line 281.
(pdftex.def)             Requested size: 119.50279pt x 149.36748pt.

Overfull \vbox (101.69128pt too high) detected at line 281
 []

[34

 <./Pictures/Vector/PDF/flask.pdf>] [35

] [36

] [37

] [38

]
<Pictures/Vector/PDF/process_diagram_readapted.pdf, id=359, 1280.73439pt x 720.41412pt>
File: Pictures/Vector/PDF/process_diagram_readapted.pdf Graphic file (type pdf)
<use Pictures/Vector/PDF/process_diagram_readapted.pdf>
Package pdftex.def Info: Pictures/Vector/PDF/process_diagram_readapted.pdf  used on input line 370.
(pdftex.def)             Requested size: 318.67209pt x 179.24567pt.
 [39

 <./Pictures/Vector/PDF/process_diagram_readapted.pdf>]
<Pictures/Vector/PDF/process_diagram_readapted-step1.pdf, id=385, 1280.73439pt x 720.41412pt>
File: Pictures/Vector/PDF/process_diagram_readapted-step1.pdf Graphic file (type pdf)
<use Pictures/Vector/PDF/process_diagram_readapted-step1.pdf>
Package pdftex.def Info: Pictures/Vector/PDF/process_diagram_readapted-step1.pdf  used on input line 370.
(pdftex.def)             Requested size: 318.67209pt x 179.24567pt.
 [40

 <./Pictures/Vector/PDF/process_diagram_readapted-step1.pdf>]
<Pictures/Vector/PDF/process_diagram_readapted-step2.pdf, id=737, 1280.73439pt x 720.41412pt>
File: Pictures/Vector/PDF/process_diagram_readapted-step2.pdf Graphic file (type pdf)
<use Pictures/Vector/PDF/process_diagram_readapted-step2.pdf>
Package pdftex.def Info: Pictures/Vector/PDF/process_diagram_readapted-step2.pdf  used on input line 370.
(pdftex.def)             Requested size: 318.67209pt x 179.24567pt.
 [41

 <./Pictures/Vector/PDF/process_diagram_readapted-step2.pdf>]
<Pictures/Vector/PDF/process_diagram_readapted-step3.pdf, id=1099, 1280.73439pt x 720.41412pt>
File: Pictures/Vector/PDF/process_diagram_readapted-step3.pdf Graphic file (type pdf)
<use Pictures/Vector/PDF/process_diagram_readapted-step3.pdf>
Package pdftex.def Info: Pictures/Vector/PDF/process_diagram_readapted-step3.pdf  used on input line 370.
(pdftex.def)             Requested size: 318.67209pt x 179.24567pt.
 [42

 <./Pictures/Vector/PDF/process_diagram_readapted-step3.pdf>]
<Pictures/Vector/PDF/process_diagram_readapted-step4.pdf, id=1170, 1280.73439pt x 720.41412pt>
File: Pictures/Vector/PDF/process_diagram_readapted-step4.pdf Graphic file (type pdf)
<use Pictures/Vector/PDF/process_diagram_readapted-step4.pdf>
Package pdftex.def Info: Pictures/Vector/PDF/process_diagram_readapted-step4.pdf  used on input line 370.
(pdftex.def)             Requested size: 318.67209pt x 179.24567pt.
 [43

 <./Pictures/Vector/PDF/process_diagram_readapted-step4.pdf>]
<Pictures/Vector/PDF/process_diagram_readapted-step5.pdf, id=1533, 1280.73439pt x 720.41412pt>
File: Pictures/Vector/PDF/process_diagram_readapted-step5.pdf Graphic file (type pdf)
<use Pictures/Vector/PDF/process_diagram_readapted-step5.pdf>
Package pdftex.def Info: Pictures/Vector/PDF/process_diagram_readapted-step5.pdf  used on input line 370.
(pdftex.def)             Requested size: 318.67209pt x 179.24567pt.
 [44

 <./Pictures/Vector/PDF/process_diagram_readapted-step5.pdf>] [45

]

Package pgfplots Warning: Axis range for axis y is approximately empty; enlarging it (it is [1.0000000000:1.0000000000]) on input line 370.

 [warning /pgfplots/warning/approx empty range enlarged]
[46

] [47

] [48

]
<Pictures/Vector/PDF/pellets.pdf, id=1904, 2890.8pt x 1626.075pt>
File: Pictures/Vector/PDF/pellets.pdf Graphic file (type pdf)
<use Pictures/Vector/PDF/pellets.pdf>
Package pdftex.def Info: Pictures/Vector/PDF/pellets.pdf  used on input line 391.
(pdftex.def)             Requested size: 358.50229pt x 201.6461pt.

Overfull \vbox (16.97202pt too high) detected at line 391
 []

[49

 <./Pictures/Vector/PDF/pellets.pdf>]
<Pictures/Vector/PDF/powder_render.pdf, id=1915, 2890.8pt x 1626.075pt>
File: Pictures/Vector/PDF/powder_render.pdf Graphic file (type pdf)
<use Pictures/Vector/PDF/powder_render.pdf>
Package pdftex.def Info: Pictures/Vector/PDF/powder_render.pdf  used on input line 391.
(pdftex.def)             Requested size: 358.50229pt x 201.6461pt.

Overfull \vbox (16.97202pt too high) detected at line 391
 []

[50

 <./Pictures/Vector/PDF/powder_render.pdf>] [51

] [52

] [53

] [54

] [55

] [56

] [57

]
<Pictures/Vector/PDF/SEM_fake.pdf, id=1964, 3854.4pt x 2168.1pt>
File: Pictures/Vector/PDF/SEM_fake.pdf Graphic file (type pdf)
<use Pictures/Vector/PDF/SEM_fake.pdf>
Package pdftex.def Info: Pictures/Vector/PDF/SEM_fake.pdf  used on input line 479.
(pdftex.def)             Requested size: 358.50229pt x 201.63783pt.

Overfull \vbox (16.96375pt too high) detected at line 479
 []

[58

 <./Pictures/Vector/PDF/SEM_fake.pdf>] [59

]
<Pictures/Vector/PDF/DALLE.pdf, id=1979, 1027.83994pt x 1027.83994pt>
File: Pictures/Vector/PDF/DALLE.pdf Graphic file (type pdf)
<use Pictures/Vector/PDF/DALLE.pdf>
Package pdftex.def Info: Pictures/Vector/PDF/DALLE.pdf  used on input line 479.
(pdftex.def)             Requested size: 159.333pt x 159.32922pt.

Overfull \vbox (2.45505pt too high) detected at line 479
 []

[60

 <./Pictures/Vector/PDF/DALLE.pdf>]
Package epstopdf Info: Source file: <Pictures/Vector/PDF/SEM/04_02.eps>
(epstopdf)                    date: 2022-10-22 20:24:00
(epstopdf)                    size: 3540492 bytes
(epstopdf)             Output file: <Pictures/Vector/PDF/SEM/04_02-eps-converted-to.pdf>
(epstopdf)                    date: 2022-12-07 20:45:13
(epstopdf)                    size: 915008 bytes
(epstopdf)             Command: <repstopdf --outfile=Pictures/Vector/PDF/SEM/04_02-eps-converted-to.pdf Pictures/Vector/PDF/SEM/04_02.eps>
(epstopdf)             \includegraphics on input line 479.
Package epstopdf Info: Output file is already uptodate.
<Pictures/Vector/PDF/SEM/04_02-eps-converted-to.pdf, id=1989, 2312.64pt x 1571.8725pt>
File: Pictures/Vector/PDF/SEM/04_02-eps-converted-to.pdf Graphic file (type pdf)
<use Pictures/Vector/PDF/SEM/04_02-eps-converted-to.pdf>
Package pdftex.def Info: Pictures/Vector/PDF/SEM/04_02-eps-converted-to.pdf  used on input line 479.
(pdftex.def)             Requested size: 239.00558pt x 162.44913pt.

Overfull \vbox (5.57495pt too high) detected at line 479
 []

[61

 <./Pictures/Vector/PDF/SEM/04_02-eps-converted-to.pdf>]
Package epstopdf Info: Source file: <Pictures/Vector/PDF/SEM/sample_06.eps>
(epstopdf)                    date: 2022-10-22 20:24:00
(epstopdf)                    size: 9811086 bytes
(epstopdf)             Output file: <Pictures/Vector/PDF/SEM/sample_06-eps-converted-to.pdf>
(epstopdf)                    date: 2022-12-07 20:45:18
(epstopdf)                    size: 1438800 bytes
(epstopdf)             Command: <repstopdf --outfile=Pictures/Vector/PDF/SEM/sample_06-eps-converted-to.pdf Pictures/Vector/PDF/SEM/sample_06.eps>
(epstopdf)             \includegraphics on input line 479.
Package epstopdf Info: Output file is already uptodate.
<Pictures/Vector/PDF/SEM/sample_06-eps-converted-to.pdf, id=2002, 2312.64pt x 1571.8725pt>
File: Pictures/Vector/PDF/SEM/sample_06-eps-converted-to.pdf Graphic file (type pdf)
<use Pictures/Vector/PDF/SEM/sample_06-eps-converted-to.pdf>
Package pdftex.def Info: Pictures/Vector/PDF/SEM/sample_06-eps-converted-to.pdf  used on input line 479.
(pdftex.def)             Requested size: 239.00558pt x 162.44913pt.

Overfull \vbox (5.57495pt too high) detected at line 479
 []

[62

 <./Pictures/Vector/PDF/SEM/sample_06-eps-converted-to.pdf>]
Package epstopdf Info: Source file: <Pictures/Vector/PDF/SEM/sample_03.eps>
(epstopdf)                    date: 2022-10-22 20:24:00
(epstopdf)                    size: 7495295 bytes
(epstopdf)             Output file: <Pictures/Vector/PDF/SEM/sample_03-eps-converted-to.pdf>
(epstopdf)                    date: 2022-12-07 20:45:21
(epstopdf)                    size: 1071228 bytes
(epstopdf)             Command: <repstopdf --outfile=Pictures/Vector/PDF/SEM/sample_03-eps-converted-to.pdf Pictures/Vector/PDF/SEM/sample_03.eps>
(epstopdf)             \includegraphics on input line 479.
Package epstopdf Info: Output file is already uptodate.
<Pictures/Vector/PDF/SEM/sample_03-eps-converted-to.pdf, id=2014, 2312.64pt x 1571.8725pt>
File: Pictures/Vector/PDF/SEM/sample_03-eps-converted-to.pdf Graphic file (type pdf)
<use Pictures/Vector/PDF/SEM/sample_03-eps-converted-to.pdf>
Package pdftex.def Info: Pictures/Vector/PDF/SEM/sample_03-eps-converted-to.pdf  used on input line 479.
(pdftex.def)             Requested size: 239.00558pt x 162.44913pt.

Overfull \vbox (5.57495pt too high) detected at line 479
 []

[63

 <./Pictures/Vector/PDF/SEM/sample_03-eps-converted-to.pdf>] [64

] [65

] [66

]
<Pictures/Vector/PDF/PSD.pdf, id=2041, 1445.4pt x 813.0375pt>
File: Pictures/Vector/PDF/PSD.pdf Graphic file (type pdf)
<use Pictures/Vector/PDF/PSD.pdf>
Package pdftex.def Info: Pictures/Vector/PDF/PSD.pdf  used on input line 520.
(pdftex.def)             Requested size: 318.67209pt x 179.25339pt.

Overfull \vbox (22.37921pt too high) detected at line 520
 []

[67

 <./Pictures/Vector/PDF/PSD.pdf>]
<Pictures/Vector/PDF/PSD_circularity-0.pdf, id=2063, 1445.4pt x 813.0375pt>
File: Pictures/Vector/PDF/PSD_circularity-0.pdf Graphic file (type pdf)
<use Pictures/Vector/PDF/PSD_circularity-0.pdf>
Package pdftex.def Info: Pictures/Vector/PDF/PSD_circularity-0.pdf  used on input line 520.
(pdftex.def)             Requested size: 318.67209pt x 179.25339pt.

Overfull \vbox (22.37921pt too high) detected at line 520
 []

[68

 <./Pictures/Vector/PDF/PSD_circularity-0.pdf>]
<Pictures/Vector/PDF/PSD_circularity.pdf, id=2084, 1445.4pt x 813.0375pt>
File: Pictures/Vector/PDF/PSD_circularity.pdf Graphic file (type pdf)
<use Pictures/Vector/PDF/PSD_circularity.pdf>
Package pdftex.def Info: Pictures/Vector/PDF/PSD_circularity.pdf  used on input line 520.
(pdftex.def)             Requested size: 318.67209pt x 179.25339pt.

Overfull \vbox (22.37921pt too high) detected at line 520
 []

[69

 <./Pictures/Vector/PDF/PSD_circularity.pdf>] [70

] [71

] [72

] [73

] [74

] [75

] [76

] [77

] [78

] [79

]
<Pictures/Vector/PDF/DSC/DSC.pdf, id=2165, 1445.4pt x 813.0375pt>
File: Pictures/Vector/PDF/DSC/DSC.pdf Graphic file (type pdf)
<use Pictures/Vector/PDF/DSC/DSC.pdf>
Package pdftex.def Info: Pictures/Vector/PDF/DSC/DSC.pdf  used on input line 627.
(pdftex.def)             Requested size: 318.67209pt x 179.25339pt.

Overfull \vbox (22.37921pt too high) detected at line 627
 []

[80

 <./Pictures/Vector/PDF/DSC/DSC.pdf>]
<Pictures/Vector/PDF/DSC/DSC_heating.pdf, id=2191, 1445.4pt x 813.0375pt>
File: Pictures/Vector/PDF/DSC/DSC_heating.pdf Graphic file (type pdf)
<use Pictures/Vector/PDF/DSC/DSC_heating.pdf>
Package pdftex.def Info: Pictures/Vector/PDF/DSC/DSC_heating.pdf  used on input line 627.
(pdftex.def)             Requested size: 318.67209pt x 179.25339pt.

Overfull \vbox (22.37921pt too high) detected at line 627
 []

[81

 <./Pictures/Vector/PDF/DSC/DSC_heating.pdf>]
<Pictures/Vector/PDF/DSC/DSC_cooling.pdf, id=2233, 1445.4pt x 813.0375pt>
File: Pictures/Vector/PDF/DSC/DSC_cooling.pdf Graphic file (type pdf)
<use Pictures/Vector/PDF/DSC/DSC_cooling.pdf>
Package pdftex.def Info: Pictures/Vector/PDF/DSC/DSC_cooling.pdf  used on input line 627.
(pdftex.def)             Requested size: 318.67209pt x 179.25339pt.

Overfull \vbox (22.37921pt too high) detected at line 627
 []

[82

 <./Pictures/Vector/PDF/DSC/DSC_cooling.pdf>]
<Pictures/Vector/PDF/DSC/DSC_points-1.pdf, id=2262, 1445.4pt x 813.0375pt>
File: Pictures/Vector/PDF/DSC/DSC_points-1.pdf Graphic file (type pdf)
<use Pictures/Vector/PDF/DSC/DSC_points-1.pdf>
Package pdftex.def Info: Pictures/Vector/PDF/DSC/DSC_points-1.pdf  used on input line 627.
(pdftex.def)             Requested size: 318.67209pt x 179.25339pt.

Overfull \vbox (22.37921pt too high) detected at line 627
 []

[83

 <./Pictures/Vector/PDF/DSC/DSC_points-1.pdf>]
<Pictures/Vector/PDF/DSC/DSC_points-2.pdf, id=2291, 1445.4pt x 813.0375pt>
File: Pictures/Vector/PDF/DSC/DSC_points-2.pdf Graphic file (type pdf)
<use Pictures/Vector/PDF/DSC/DSC_points-2.pdf>
Package pdftex.def Info: Pictures/Vector/PDF/DSC/DSC_points-2.pdf  used on input line 627.
(pdftex.def)             Requested size: 318.67209pt x 179.25339pt.

Overfull \vbox (22.37921pt too high) detected at line 627
 []

[84

 <./Pictures/Vector/PDF/DSC/DSC_points-2.pdf>]
<Pictures/Vector/PDF/DSC/DSC_points-3.pdf, id=2320, 1445.4pt x 813.0375pt>
File: Pictures/Vector/PDF/DSC/DSC_points-3.pdf Graphic file (type pdf)
<use Pictures/Vector/PDF/DSC/DSC_points-3.pdf>
Package pdftex.def Info: Pictures/Vector/PDF/DSC/DSC_points-3.pdf  used on input line 627.
(pdftex.def)             Requested size: 318.67209pt x 179.25339pt.

Overfull \vbox (22.37921pt too high) detected at line 627
 []

[85

 <./Pictures/Vector/PDF/DSC/DSC_points-3.pdf>]
<Pictures/Vector/PDF/DSC/DSC_points-4.pdf, id=2359, 1445.4pt x 813.0375pt>
File: Pictures/Vector/PDF/DSC/DSC_points-4.pdf Graphic file (type pdf)
<use Pictures/Vector/PDF/DSC/DSC_points-4.pdf>
Package pdftex.def Info: Pictures/Vector/PDF/DSC/DSC_points-4.pdf  used on input line 627.
(pdftex.def)             Requested size: 318.67209pt x 179.25339pt.

Overfull \vbox (22.37921pt too high) detected at line 627
 []

[86

 <./Pictures/Vector/PDF/DSC/DSC_points-4.pdf>] [87

] [88

] [89

]
<Pictures/Vector/PDF/TGA/gTGA_noderivative.pdf, id=2404, 1445.4pt x 813.0375pt>
File: Pictures/Vector/PDF/TGA/gTGA_noderivative.pdf Graphic file (type pdf)
<use Pictures/Vector/PDF/TGA/gTGA_noderivative.pdf>
Package pdftex.def Info: Pictures/Vector/PDF/TGA/gTGA_noderivative.pdf  used on input line 668.
(pdftex.def)             Requested size: 318.67209pt x 179.25339pt.

Overfull \vbox (22.37921pt too high) detected at line 668
 []

[90

 <./Pictures/Vector/PDF/TGA/gTGA_noderivative.pdf>]
<Pictures/Vector/PDF/TGA/gTGA_derivative.pdf, id=2438, 1445.4pt x 813.0375pt>
File: Pictures/Vector/PDF/TGA/gTGA_derivative.pdf Graphic file (type pdf)
<use Pictures/Vector/PDF/TGA/gTGA_derivative.pdf>
Package pdftex.def Info: Pictures/Vector/PDF/TGA/gTGA_derivative.pdf  used on input line 668.
(pdftex.def)             Requested size: 318.67209pt x 179.25339pt.

Overfull \vbox (22.37921pt too high) detected at line 668
 []

[91

 <./Pictures/Vector/PDF/TGA/gTGA_derivative.pdf>] [92

]
<Pictures/Vector/PDF/TGA/TGA_overlapped.pdf, id=2463, 1445.4pt x 813.0375pt>
File: Pictures/Vector/PDF/TGA/TGA_overlapped.pdf Graphic file (type pdf)
<use Pictures/Vector/PDF/TGA/TGA_overlapped.pdf>
Package pdftex.def Info: Pictures/Vector/PDF/TGA/TGA_overlapped.pdf  used on input line 668.
(pdftex.def)             Requested size: 318.67209pt x 179.25339pt.

Overfull \vbox (22.37921pt too high) detected at line 668
 []

[93

 <./Pictures/Vector/PDF/TGA/TGA_overlapped.pdf>] [94

] [95

]
<Pictures/Vector/PDF/3dprinting_diagram-1.pdf, id=2493, 2313.46315pt x 1439.37015pt>
File: Pictures/Vector/PDF/3dprinting_diagram-1.pdf Graphic file (type pdf)
<use Pictures/Vector/PDF/3dprinting_diagram-1.pdf>
Package pdftex.def Info: Pictures/Vector/PDF/3dprinting_diagram-1.pdf  used on input line 711.
(pdftex.def)             Requested size: 298.75394pt x 185.87279pt.

Overfull \vbox (28.99861pt too high) detected at line 711
 []

[96

 <./Pictures/Vector/PDF/3dprinting_diagram-1.pdf>]
<Pictures/Vector/PDF/3dprinting_diagram-2.pdf, id=2655, 2313.46315pt x 1439.37015pt>
File: Pictures/Vector/PDF/3dprinting_diagram-2.pdf Graphic file (type pdf)
<use Pictures/Vector/PDF/3dprinting_diagram-2.pdf>
Package pdftex.def Info: Pictures/Vector/PDF/3dprinting_diagram-2.pdf  used on input line 711.
(pdftex.def)             Requested size: 298.75394pt x 185.87279pt.

Overfull \vbox (28.99861pt too high) detected at line 711
 []

[97

 <./Pictures/Vector/PDF/3dprinting_diagram-2.pdf>]
<Pictures/Vector/PDF/3dprinting_diagram-3.pdf, id=2797, 2313.46315pt x 1439.37015pt>
File: Pictures/Vector/PDF/3dprinting_diagram-3.pdf Graphic file (type pdf)
<use Pictures/Vector/PDF/3dprinting_diagram-3.pdf>
Package pdftex.def Info: Pictures/Vector/PDF/3dprinting_diagram-3.pdf  used on input line 711.
(pdftex.def)             Requested size: 298.75394pt x 185.87279pt.

Overfull \vbox (28.99861pt too high) detected at line 711
 []

[98

 <./Pictures/Vector/PDF/3dprinting_diagram-3.pdf>]
<Pictures/Vector/PDF/octagon_3D.pdf, id=2937, 2168.1pt x 2168.1pt>
File: Pictures/Vector/PDF/octagon_3D.pdf Graphic file (type pdf)
<use Pictures/Vector/PDF/octagon_3D.pdf>
Package pdftex.def Info: Pictures/Vector/PDF/octagon_3D.pdf  used on input line 740.
(pdftex.def)             Requested size: 199.1693pt x 199.15665pt.

Overfull \vbox (14.48256pt too high) detected at line 740
 []

[99

 <./Pictures/Vector/PDF/octagon_3D.pdf>]
<Pictures/Vector/PDF/octagon_halfrender.pdf, id=2949, 2168.1pt x 2168.1pt>
File: Pictures/Vector/PDF/octagon_halfrender.pdf Graphic file (type pdf)
<use Pictures/Vector/PDF/octagon_halfrender.pdf>
Package pdftex.def Info: Pictures/Vector/PDF/octagon_halfrender.pdf  used on input line 740.
(pdftex.def)             Requested size: 199.1693pt x 199.15665pt.

Overfull \vbox (14.48256pt too high) detected at line 740
 []

[100

 <./Pictures/Vector/PDF/octagon_halfrender.pdf>]
<Pictures/Vector/PDF/octagon_render.pdf, id=2970, 2168.1pt x 2168.1pt>
File: Pictures/Vector/PDF/octagon_render.pdf Graphic file (type pdf)
<use Pictures/Vector/PDF/octagon_render.pdf>
Package pdftex.def Info: Pictures/Vector/PDF/octagon_render.pdf  used on input line 740.
(pdftex.def)             Requested size: 199.1693pt x 199.15665pt.

Overfull \vbox (14.48256pt too high) detected at line 740
 []

[101

 <./Pictures/Vector/PDF/octagon_render.pdf>]
<Pictures/Vector/PDF/sharebot_snowhite2.pdf, id=2980, 2020.7274pt x 4315.8476pt>
File: Pictures/Vector/PDF/sharebot_snowhite2.pdf Graphic file (type pdf)
<use Pictures/Vector/PDF/sharebot_snowhite2.pdf>
Package pdftex.def Info: Pictures/Vector/PDF/sharebot_snowhite2.pdf  used on input line 781.
(pdftex.def)             Requested size: 79.66649pt x 170.10204pt.

Overfull \vbox (66.62263pt too high) detected at line 781
 []

[102

 <./Pictures/Vector/PDF/sharebot_snowhite2.pdf>]

pdfTeX warning: pdflatex (file ./Pictures/Vector/PDF/Sharebot_GUI.pdf): PDF inclusion: found PDF version <1.7>, but at most version <1.5> allowed
<Pictures/Vector/PDF/Sharebot_GUI.pdf, id=2993, 1240.635pt x 696.6025pt>
File: Pictures/Vector/PDF/Sharebot_GUI.pdf Graphic file (type pdf)
<use Pictures/Vector/PDF/Sharebot_GUI.pdf>
Package pdftex.def Info: Pictures/Vector/PDF/Sharebot_GUI.pdf  used on input line 781.
(pdftex.def)             Requested size: 318.67209pt x 178.92274pt.

Overfull \vbox (75.44334pt too high) detected at line 781
 []

[103

 <./Pictures/Vector/PDF/Sharebot_GUI.pdf>] [104

] [105

] [106

] [107

] [108

]
<Pictures/Vector/PDF/Printed_parts/DMA_samples.pdf, id=3053, 527.08154pt x 340.27995pt>
File: Pictures/Vector/PDF/Printed_parts/DMA_samples.pdf Graphic file (type pdf)
<use Pictures/Vector/PDF/Printed_parts/DMA_samples.pdf>
Package pdftex.def Info: Pictures/Vector/PDF/Printed_parts/DMA_samples.pdf  used on input line 870.
(pdftex.def)             Requested size: 239.00558pt x 154.298pt.
 [109

 <./Pictures/Vector/PDF/Printed_parts/DMA_samples.pdf>]
File: Pictures/Vector/PDF/Printed_parts/DMA_samples.pdf Graphic file (type pdf)
<use Pictures/Vector/PDF/Printed_parts/DMA_samples.pdf>
Package pdftex.def Info: Pictures/Vector/PDF/Printed_parts/DMA_samples.pdf  used on input line 870.
(pdftex.def)             Requested size: 159.333pt x 102.8636pt.
 [110

]
<Pictures/Vector/PDF/Printed_parts/organic_pattern.pdf, id=3077, 485.358pt x 506.43146pt>
File: Pictures/Vector/PDF/Printed_parts/organic_pattern.pdf Graphic file (type pdf)
<use Pictures/Vector/PDF/Printed_parts/organic_pattern.pdf>
Package pdftex.def Info: Pictures/Vector/PDF/Printed_parts/organic_pattern.pdf  used on input line 870.
(pdftex.def)             Requested size: 159.333pt x 166.24968pt.

Overfull \vbox (9.3755pt too high) detected at line 870
 []

[111

 <./Pictures/Vector/PDF/Printed_parts/organic_pattern.pdf>]
File: Pictures/Vector/PDF/Printed_parts/organic_pattern.pdf Graphic file (type pdf)
<use Pictures/Vector/PDF/Printed_parts/organic_pattern.pdf>
Package pdftex.def Info: Pictures/Vector/PDF/Printed_parts/organic_pattern.pdf  used on input line 870.
(pdftex.def)             Requested size: 99.58464pt x 103.90411pt.
 [112

]
<Pictures/Vector/PDF/Printed_parts/boat.pdf, id=3101, 796.97664pt x 483.21152pt>
File: Pictures/Vector/PDF/Printed_parts/boat.pdf Graphic file (type pdf)
<use Pictures/Vector/PDF/Printed_parts/boat.pdf>
Package pdftex.def Info: Pictures/Vector/PDF/Printed_parts/boat.pdf  used on input line 870.
(pdftex.def)             Requested size: 239.00558pt x 144.90558pt.
 [113

 <./Pictures/Vector/PDF/Printed_parts/boat.pdf>]
File: Pictures/Vector/PDF/Printed_parts/boat.pdf Graphic file (type pdf)
<use Pictures/Vector/PDF/Printed_parts/boat.pdf>
Package pdftex.def Info: Pictures/Vector/PDF/Printed_parts/boat.pdf  used on input line 870.
(pdftex.def)             Requested size: 159.333pt x 96.60371pt.
 [114

]
<Pictures/Vector/PDF/Printed_parts/octagon_holes.pdf, id=3124, 511.32811pt x 511.32811pt>
File: Pictures/Vector/PDF/Printed_parts/octagon_holes.pdf Graphic file (type pdf)
<use Pictures/Vector/PDF/Printed_parts/octagon_holes.pdf>
Package pdftex.def Info: Pictures/Vector/PDF/Printed_parts/octagon_holes.pdf  used on input line 870.
(pdftex.def)             Requested size: 159.333pt x 159.33711pt.

Overfull \vbox (2.46294pt too high) detected at line 870
 []

[115

 <./Pictures/Vector/PDF/Printed_parts/octagon_holes.pdf>]
File: Pictures/Vector/PDF/Printed_parts/octagon_holes.pdf Graphic file (type pdf)
<use Pictures/Vector/PDF/Printed_parts/octagon_holes.pdf>
Package pdftex.def Info: Pictures/Vector/PDF/Printed_parts/octagon_holes.pdf  used on input line 870.
(pdftex.def)             Requested size: 99.58464pt x 99.57983pt.
 [116

] [117

] [118

] [119

] [120

] [121

] [122

] [123

]
<Pictures/Vector/PDF/DMA.pdf, id=3186, 718.90126pt x 496.04181pt>
File: Pictures/Vector/PDF/DMA.pdf Graphic file (type pdf)
<use Pictures/Vector/PDF/DMA.pdf>
Package pdftex.def Info: Pictures/Vector/PDF/DMA.pdf  used on input line 943.
(pdftex.def)             Requested size: 239.00558pt x 164.9129pt.

Overfull \vbox (8.03873pt too high) detected at line 943
 []

[124

 <./Pictures/Vector/PDF/DMA.pdf>]
<Pictures/Vector/PDF/DMA-1.pdf, id=3218, 718.90126pt x 496.04181pt>
File: Pictures/Vector/PDF/DMA-1.pdf Graphic file (type pdf)
<use Pictures/Vector/PDF/DMA-1.pdf>
Package pdftex.def Info: Pictures/Vector/PDF/DMA-1.pdf  used on input line 943.
(pdftex.def)             Requested size: 239.00558pt x 164.9129pt.

Overfull \vbox (8.03873pt too high) detected at line 943
 []

[125

 <./Pictures/Vector/PDF/DMA-1.pdf>]
<Pictures/Vector/PDF/DMA-2.pdf, id=3252, 718.90126pt x 496.04181pt>
File: Pictures/Vector/PDF/DMA-2.pdf Graphic file (type pdf)
<use Pictures/Vector/PDF/DMA-2.pdf>
Package pdftex.def Info: Pictures/Vector/PDF/DMA-2.pdf  used on input line 943.
(pdftex.def)             Requested size: 239.00558pt x 164.9129pt.

Overfull \vbox (8.03873pt too high) detected at line 943
 []

[126

 <./Pictures/Vector/PDF/DMA-2.pdf>] [127

] [128

]
<Pictures/Vector/PDF/TGA/TGA_final-1.pdf, id=3317, 1445.4pt x 813.0375pt>
File: Pictures/Vector/PDF/TGA/TGA_final-1.pdf Graphic file (type pdf)
<use Pictures/Vector/PDF/TGA/TGA_final-1.pdf>
Package pdftex.def Info: Pictures/Vector/PDF/TGA/TGA_final-1.pdf  used on input line 985.
(pdftex.def)             Requested size: 358.50229pt x 201.65851pt.

Overfull \vbox (16.98442pt too high) detected at line 985
 []

[129

 <./Pictures/Vector/PDF/TGA/TGA_final-1.pdf>]
<Pictures/Vector/PDF/TGA/TGA_final-2.pdf, id=3342, 1445.4pt x 813.0375pt>
File: Pictures/Vector/PDF/TGA/TGA_final-2.pdf Graphic file (type pdf)
<use Pictures/Vector/PDF/TGA/TGA_final-2.pdf>
Package pdftex.def Info: Pictures/Vector/PDF/TGA/TGA_final-2.pdf  used on input line 985.
(pdftex.def)             Requested size: 358.50229pt x 201.65851pt.

Overfull \vbox (16.98442pt too high) detected at line 985
 []

[130

 <./Pictures/Vector/PDF/TGA/TGA_final-2.pdf>]
<Pictures/Vector/PDF/TGA/TGA_final-3.pdf, id=3364, 1445.4pt x 813.0375pt>
File: Pictures/Vector/PDF/TGA/TGA_final-3.pdf Graphic file (type pdf)
<use Pictures/Vector/PDF/TGA/TGA_final-3.pdf>
Package pdftex.def Info: Pictures/Vector/PDF/TGA/TGA_final-3.pdf  used on input line 985.
(pdftex.def)             Requested size: 358.50229pt x 201.65851pt.

Overfull \vbox (16.98442pt too high) detected at line 985
 []

[131

 <./Pictures/Vector/PDF/TGA/TGA_final-3.pdf>] [132

] [133

] [134

] [135

] [136

] [137

] [138

] [139

] [140

]

LaTeX Font Warning: Font shape `OT1/cmss/m/sc' in size <10.95> not available
(Font)              Font shape `OT1/cmr/m/sc' tried instead on input line 1052.

[141

] [142


] [143


]
\tf@nav=\write7
\openout7 = `Presentation.nav'.

\tf@toc=\write8
\openout8 = `Presentation.toc'.

\tf@snm=\write9
\openout9 = `Presentation.snm'.

 (./Presentation.aux)
Package rerunfilecheck Info: File `Presentation.out' has not changed.
(rerunfilecheck)             Checksum: 480A0C860B6FE801B6E24A8518C03DE4;1722.
Package logreq Info: Writing requests to 'Presentation.run.xml'.
\openout1 = `Presentation.run.xml'.

 ) 
Here is how much of TeX's memory you used:
 44305 strings out of 480852
 1023366 string characters out of 5906872
 1776941 words of memory out of 6000000
 60504 multiletter control sequences out of 15000+600000
 418936 words of font info for 82 fonts, out of 8000000 for 9000
 14 hyphenation exceptions out of 8191
 128i,18n,126p,1889b,2333s stack positions out of 5000i,500n,10000p,200000b,80000s
{/usr/share/texlive/texmf-dist/fonts/enc/dvips/cm-super/cm-super-ts1.enc}</usr/share/texlive/texmf-dist/fonts/type1/gnome/cantarell/Cantarell-Regular.pfb></usr/share/texlive/texmf-dist/fonts/type1/public/fira/FiraSans-Regular.pfb></usr/share/texlive/texmf-dist/fonts/type1/public/amsfonts/cm/cmcsc10.pfb></usr/share/texlive/texmf-dist/fonts/type1/public/amsfonts/cm/cmmi10.pfb></usr/share/texlive/texmf-dist/fonts/type1/public/amsfonts/cm/cmmi9.pfb></usr/share/texlive/texmf-dist/fonts/type1/public/amsfonts/cm/cmss10.pfb></usr/share/texlive/texmf-dist/fonts/type1/public/amsfonts/cm/cmss12.pfb></usr/share/texlive/texmf-dist/fonts/type1/public/amsfonts/cm/cmss8.pfb></usr/share/texlive/texmf-dist/fonts/type1/public/amsfonts/cm/cmss9.pfb></usr/share/texlive/texmf-dist/fonts/type1/public/amsfonts/cm/cmssbx10.pfb></usr/share/texlive/texmf-dist/fonts/type1/public/amsfonts/cm/cmssi10.pfb></usr/share/texlive/texmf-dist/fonts/type1/public/amsfonts/cm/cmssi8.pfb></usr/share/texlive/texmf-dist/fonts/type1/public/amsfonts/cm/cmsy6.pfb></usr/share/texlive/texmf-dist/fonts/type1/public/amsfonts/cm/cmsy8.pfb></usr/share/texlive/texmf-dist/fonts/type1/public/amsfonts/cm/cmtt10.pfb></usr/share/texlive/texmf-dist/fonts/type1/public/cm-super/sfss1095.pfb>
Output written on Presentation.pdf (143 pages, 151751293 bytes).
PDF statistics:
 3579 PDF objects out of 3580 (max. 8388607)
 2528 compressed objects within 26 object streams
 307 named destinations out of 1000 (max. 500000)
 389 words of extra memory for PDF output out of 10000 (max. 10000000)

