This is pdfTeX, Version 3.141592653-2.6-1.40.24 (TeX Live 2022) (preloaded format=pdflatex 2022.8.14)  20 AUG 2022 20:56
entering extended mode
 restricted \write18 enabled.
 file:line:error style messages enabled.
 %&-line parsing enabled.
**/Users/giorgio/GIT/Master_degree_Thesis/Latex/Final_thesis_document/Final.tex
(/Users/giorgio/GIT/Master_degree_Thesis/Latex/Final_thesis_document/Final.tex
LaTeX2e <2021-11-15> patch level 1
L3 programming layer <2022-02-24> (/usr/local/texlive/2022/texmf-dist/tex/latex/base/article.cls
Document Class: article 2021/10/04 v1.4n Standard LaTeX document class
(/usr/local/texlive/2022/texmf-dist/tex/latex/base/size10.clo
File: size10.clo 2021/10/04 v1.4n Standard LaTeX file (size option)
)
\c@part=\count185
\c@section=\count186
\c@subsection=\count187
\c@subsubsection=\count188
\c@paragraph=\count189
\c@subparagraph=\count190
\c@figure=\count191
\c@table=\count192
\abovecaptionskip=\skip47
\belowcaptionskip=\skip48
\bibindent=\dimen138
) (/usr/local/texlive/2022/texmf-dist/tex/latex/was/gensymb.sty
Package: gensymb 2003/07/02 v1.0 (WaS)
) (/usr/local/texlive/2022/texmf-dist/tex/latex/biblatex/biblatex.sty
Package: biblatex 2022/02/02 v3.17 programmable bibliographies (PK/MW)
 (/usr/local/texlive/2022/texmf-dist/tex/generic/pdftexcmds/pdftexcmds.sty
Package: pdftexcmds 2020-06-27 v0.33 Utility functions of pdfTeX for LuaTeX (HO)
 (/usr/local/texlive/2022/texmf-dist/tex/generic/infwarerr/infwarerr.sty
Package: infwarerr 2019/12/03 v1.5 Providing info/warning/error messages (HO)
) (/usr/local/texlive/2022/texmf-dist/tex/generic/iftex/iftex.sty
Package: iftex 2022/02/03 v1.0f TeX engine tests
) (/usr/local/texlive/2022/texmf-dist/tex/generic/ltxcmds/ltxcmds.sty
Package: ltxcmds 2020-05-10 v1.25 LaTeX kernel commands for general use (HO)
)
Package pdftexcmds Info: \pdf@primitive is available.
Package pdftexcmds Info: \pdf@ifprimitive is available.
Package pdftexcmds Info: \pdfdraftmode found.
) (/usr/local/texlive/2022/texmf-dist/tex/latex/etoolbox/etoolbox.sty
Package: etoolbox 2020/10/05 v2.5k e-TeX tools for LaTeX (JAW)
\etb@tempcnta=\count193
) (/usr/local/texlive/2022/texmf-dist/tex/latex/graphics/keyval.sty
Package: keyval 2014/10/28 v1.15 key=value parser (DPC)
\KV@toks@=\toks16
) (/usr/local/texlive/2022/texmf-dist/tex/latex/kvoptions/kvoptions.sty
Package: kvoptions 2020-10-07 v3.14 Key value format for package options (HO)
 (/usr/local/texlive/2022/texmf-dist/tex/generic/kvsetkeys/kvsetkeys.sty
Package: kvsetkeys 2019/12/15 v1.18 Key value parser (HO)
)) (/usr/local/texlive/2022/texmf-dist/tex/latex/logreq/logreq.sty
Package: logreq 2010/08/04 v1.0 xml request logger
\lrq@indent=\count194
 (/usr/local/texlive/2022/texmf-dist/tex/latex/logreq/logreq.def
File: logreq.def 2010/08/04 v1.0 logreq spec v1.0
)) (/usr/local/texlive/2022/texmf-dist/tex/latex/base/ifthen.sty
Package: ifthen 2020/11/24 v1.1c Standard LaTeX ifthen package (DPC)
) (/usr/local/texlive/2022/texmf-dist/tex/latex/url/url.sty
\Urlmuskip=\muskip16
Package: url 2013/09/16  ver 3.4  Verb mode for urls, etc.
)
\c@tabx@nest=\count195
\c@listtotal=\count196
\c@listcount=\count197
\c@liststart=\count198
\c@liststop=\count199
\c@citecount=\count266
\c@citetotal=\count267
\c@multicitecount=\count268
\c@multicitetotal=\count269
\c@instcount=\count270
\c@maxnames=\count271
\c@minnames=\count272
\c@maxitems=\count273
\c@minitems=\count274
\c@citecounter=\count275
\c@maxcitecounter=\count276
\c@savedcitecounter=\count277
\c@uniquelist=\count278
\c@uniquename=\count279
\c@refsection=\count280
\c@refsegment=\count281
\c@maxextratitle=\count282
\c@maxextratitleyear=\count283
\c@maxextraname=\count284
\c@maxextradate=\count285
\c@maxextraalpha=\count286
\c@abbrvpenalty=\count287
\c@highnamepenalty=\count288
\c@lownamepenalty=\count289
\c@maxparens=\count290
\c@parenlevel=\count291
\blx@tempcnta=\count292
\blx@tempcntb=\count293
\blx@tempcntc=\count294
\c@blx@maxsection=\count295
\c@blx@maxsegment@0=\count296
\blx@notetype=\count297
\blx@parenlevel@text=\count298
\blx@parenlevel@foot=\count299
\c@blx@sectionciteorder@0=\count300
\blx@entrysetcounter=\count301
\blx@biblioinstance=\count302
\labelnumberwidth=\skip49
\labelalphawidth=\skip50
\biblabelsep=\skip51
\bibitemsep=\skip52
\bibnamesep=\skip53
\bibinitsep=\skip54
\bibparsep=\skip55
\bibhang=\skip56
\blx@bcfin=\read2
\blx@bcfout=\write3
\blx@langwohyphens=\language87
\c@mincomprange=\count303
\c@maxcomprange=\count304
\c@mincompwidth=\count305
Package biblatex Info: Trying to load biblatex default data model...
Package biblatex Info: ... file 'blx-dm.def' found.
 (/usr/local/texlive/2022/texmf-dist/tex/latex/biblatex/blx-dm.def
File: blx-dm.def 2022/02/02 v3.17 biblatex localization (PK/MW)
)
Package biblatex Info: Trying to load biblatex custom data model...
Package biblatex Info: ... file 'biblatex-dm.cfg' not found.
\c@afterword=\count306
\c@savedafterword=\count307
\c@annotator=\count308
\c@savedannotator=\count309
\c@author=\count310
\c@savedauthor=\count311
\c@bookauthor=\count312
\c@savedbookauthor=\count313
\c@commentator=\count314
\c@savedcommentator=\count315
\c@editor=\count316
\c@savededitor=\count317
\c@editora=\count318
\c@savededitora=\count319
\c@editorb=\count320
\c@savededitorb=\count321
\c@editorc=\count322
\c@savededitorc=\count323
\c@foreword=\count324
\c@savedforeword=\count325
\c@holder=\count326
\c@savedholder=\count327
\c@introduction=\count328
\c@savedintroduction=\count329
\c@namea=\count330
\c@savednamea=\count331
\c@nameb=\count332
\c@savednameb=\count333
\c@namec=\count334
\c@savednamec=\count335
\c@translator=\count336
\c@savedtranslator=\count337
\c@shortauthor=\count338
\c@savedshortauthor=\count339
\c@shorteditor=\count340
\c@savedshorteditor=\count341
\c@labelname=\count342
\c@savedlabelname=\count343
\c@institution=\count344
\c@savedinstitution=\count345
\c@lista=\count346
\c@savedlista=\count347
\c@listb=\count348
\c@savedlistb=\count349
\c@listc=\count350
\c@savedlistc=\count351
\c@listd=\count352
\c@savedlistd=\count353
\c@liste=\count354
\c@savedliste=\count355
\c@listf=\count356
\c@savedlistf=\count357
\c@location=\count358
\c@savedlocation=\count359
\c@organization=\count360
\c@savedorganization=\count361
\c@origlocation=\count362
\c@savedoriglocation=\count363
\c@origpublisher=\count364
\c@savedorigpublisher=\count365
\c@publisher=\count366
\c@savedpublisher=\count367
\c@language=\count368
\c@savedlanguage=\count369
\c@origlanguage=\count370
\c@savedoriglanguage=\count371
\c@pageref=\count372
\c@savedpageref=\count373
\shorthandwidth=\skip57
\shortjournalwidth=\skip58
\shortserieswidth=\skip59
\shorttitlewidth=\skip60
\shortauthorwidth=\skip61
\shorteditorwidth=\skip62
\locallabelnumberwidth=\skip63
\locallabelalphawidth=\skip64
\localshorthandwidth=\skip65
\localshortjournalwidth=\skip66
\localshortserieswidth=\skip67
\localshorttitlewidth=\skip68
\localshortauthorwidth=\skip69
\localshorteditorwidth=\skip70
Package biblatex Info: Trying to load compatibility code...
Package biblatex Info: ... file 'blx-compat.def' found.
 (/usr/local/texlive/2022/texmf-dist/tex/latex/biblatex/blx-compat.def
File: blx-compat.def 2022/02/02 v3.17 biblatex compatibility (PK/MW)
)
Package biblatex Info: Trying to load generic definitions...
Package biblatex Info: ... file 'biblatex.def' found.
 (/usr/local/texlive/2022/texmf-dist/tex/latex/biblatex/biblatex.def
File: biblatex.def 2022/02/02 v3.17 biblatex compatibility (PK/MW)
\c@textcitecount=\count374
\c@textcitetotal=\count375
\c@textcitemaxnames=\count376
\c@biburlbigbreakpenalty=\count377
\c@biburlbreakpenalty=\count378
\c@biburlnumpenalty=\count379
\c@biburlucpenalty=\count380
\c@biburllcpenalty=\count381
\biburlbigskip=\muskip17
\biburlnumskip=\muskip18
\biburlucskip=\muskip19
\biburllcskip=\muskip20
\c@smartand=\count382
)
Package biblatex Info: Trying to load bibliography style 'numeric'...
Package biblatex Info: ... file 'numeric.bbx' found.
 (/usr/local/texlive/2022/texmf-dist/tex/latex/biblatex/bbx/numeric.bbx
File: numeric.bbx 2022/02/02 v3.17 biblatex bibliography style (PK/MW)
Package biblatex Info: Trying to load bibliography style 'standard'...
Package biblatex Info: ... file 'standard.bbx' found.
 (/usr/local/texlive/2022/texmf-dist/tex/latex/biblatex/bbx/standard.bbx
File: standard.bbx 2022/02/02 v3.17 biblatex bibliography style (PK/MW)
\c@bbx:relatedcount=\count383
\c@bbx:relatedtotal=\count384
))
Package biblatex Info: Trying to load citation style 'numeric'...
Package biblatex Info: ... file 'numeric.cbx' found.
 (/usr/local/texlive/2022/texmf-dist/tex/latex/biblatex/cbx/numeric.cbx
File: numeric.cbx 2022/02/02 v3.17 biblatex citation style (PK/MW)
Package biblatex Info: Redefining '\cite'.
Package biblatex Info: Redefining '\parencite'.
Package biblatex Info: Redefining '\footcite'.
Package biblatex Info: Redefining '\footcitetext'.
Package biblatex Info: Redefining '\smartcite'.
Package biblatex Info: Redefining '\supercite'.
Package biblatex Info: Redefining '\textcite'.
Package biblatex Info: Redefining '\textcites'.
Package biblatex Info: Redefining '\cites'.
Package biblatex Info: Redefining '\parencites'.
Package biblatex Info: Redefining '\smartcites'.
)
Package biblatex Info: Trying to load configuration file...
Package biblatex Info: ... file 'biblatex.cfg' found.
 (/usr/local/texlive/2022/texmf-dist/tex/latex/biblatex/biblatex.cfg
File: biblatex.cfg 
)
Package biblatex Info: Input encoding 'utf8' detected.
Package biblatex Info: Document encoding is UTF8 ....
 (/usr/local/texlive/2022/texmf-dist/tex/latex/l3kernel/expl3.sty
Package: expl3 2022-02-24 L3 programming layer (loader) 
 (/usr/local/texlive/2022/texmf-dist/tex/latex/l3backend/l3backend-pdftex.def
File: l3backend-pdftex.def 2022-02-07 L3 backend support: PDF output (pdfTeX)
\l__color_backend_stack_int=\count385
\l__pdf_internal_box=\box50
))
Package biblatex Info: ... and expl3
(biblatex)             2022-02-24 L3 programming layer (loader) 
(biblatex)             is new enough (at least 2020/04/06),
(biblatex)             setting 'casechanger=expl3'.
 (/usr/local/texlive/2022/texmf-dist/tex/latex/biblatex/blx-case-expl3.sty (/usr/local/texlive/2022/texmf-dist/tex/latex/l3packages/xparse/xparse.sty
Package: xparse 2022-01-12 L3 Experimental document command parser
)
Package: blx-case-expl3 2022/02/02 v3.17 expl3 case changing code for biblatex
)) (/usr/local/texlive/2022/texmf-dist/tex/latex/graphics/graphicx.sty
Package: graphicx 2021/09/16 v1.2d Enhanced LaTeX Graphics (DPC,SPQR)
 (/usr/local/texlive/2022/texmf-dist/tex/latex/graphics/graphics.sty
Package: graphics 2021/03/04 v1.4d Standard LaTeX Graphics (DPC,SPQR)
 (/usr/local/texlive/2022/texmf-dist/tex/latex/graphics/trig.sty
Package: trig 2021/08/11 v1.11 sin cos tan (DPC)
) (/usr/local/texlive/2022/texmf-dist/tex/latex/graphics-cfg/graphics.cfg
File: graphics.cfg 2016/06/04 v1.11 sample graphics configuration
)
Package graphics Info: Driver file: pdftex.def on input line 107.
 (/usr/local/texlive/2022/texmf-dist/tex/latex/graphics-def/pdftex.def
File: pdftex.def 2020/10/05 v1.2a Graphics/color driver for pdftex
))
\Gin@req@height=\dimen139
\Gin@req@width=\dimen140
) (/usr/local/texlive/2022/texmf-dist/tex/latex/hyperref/hyperref.sty
Package: hyperref 2022-02-21 v7.00n Hypertext links for LaTeX
 (/usr/local/texlive/2022/texmf-dist/tex/generic/kvdefinekeys/kvdefinekeys.sty
Package: kvdefinekeys 2019-12-19 v1.6 Define keys (HO)
) (/usr/local/texlive/2022/texmf-dist/tex/generic/pdfescape/pdfescape.sty
Package: pdfescape 2019/12/09 v1.15 Implements pdfTeX's escape features (HO)
) (/usr/local/texlive/2022/texmf-dist/tex/latex/hycolor/hycolor.sty
Package: hycolor 2020-01-27 v1.10 Color options for hyperref/bookmark (HO)
) (/usr/local/texlive/2022/texmf-dist/tex/latex/letltxmacro/letltxmacro.sty
Package: letltxmacro 2019/12/03 v1.6 Let assignment for LaTeX macros (HO)
) (/usr/local/texlive/2022/texmf-dist/tex/latex/auxhook/auxhook.sty
Package: auxhook 2019-12-17 v1.6 Hooks for auxiliary files (HO)
)
\@linkdim=\dimen141
\Hy@linkcounter=\count386
\Hy@pagecounter=\count387
 (/usr/local/texlive/2022/texmf-dist/tex/latex/hyperref/pd1enc.def
File: pd1enc.def 2022-02-21 v7.00n Hyperref: PDFDocEncoding definition (HO)
Now handling font encoding PD1 ...
... no UTF-8 mapping file for font encoding PD1
) (/usr/local/texlive/2022/texmf-dist/tex/generic/intcalc/intcalc.sty
Package: intcalc 2019/12/15 v1.3 Expandable calculations with integers (HO)
) (/usr/local/texlive/2022/texmf-dist/tex/generic/etexcmds/etexcmds.sty
Package: etexcmds 2019/12/15 v1.7 Avoid name clashes with e-TeX commands (HO)
)
\Hy@SavedSpaceFactor=\count388
 (/usr/local/texlive/2022/texmf-dist/tex/latex/hyperref/puenc.def
File: puenc.def 2022-02-21 v7.00n Hyperref: PDF Unicode definition (HO)
Now handling font encoding PU ...
... no UTF-8 mapping file for font encoding PU
)
Package hyperref Info: Option `colorlinks' set `true' on input line 4018.
Package hyperref Info: Hyper figures OFF on input line 4137.
Package hyperref Info: Link nesting OFF on input line 4142.
Package hyperref Info: Hyper index ON on input line 4145.
Package hyperref Info: Plain pages OFF on input line 4152.
Package hyperref Info: Backreferencing OFF on input line 4157.
Package hyperref Info: Implicit mode ON; LaTeX internals redefined.
Package hyperref Info: Bookmarks ON on input line 4390.
\c@Hy@tempcnt=\count389
LaTeX Info: Redefining \url on input line 4749.
\XeTeXLinkMargin=\dimen142
 (/usr/local/texlive/2022/texmf-dist/tex/generic/bitset/bitset.sty
Package: bitset 2019/12/09 v1.3 Handle bit-vector datatype (HO)
 (/usr/local/texlive/2022/texmf-dist/tex/generic/bigintcalc/bigintcalc.sty
Package: bigintcalc 2019/12/15 v1.5 Expandable calculations on big integers (HO)
))
\Fld@menulength=\count390
\Field@Width=\dimen143
\Fld@charsize=\dimen144
Package hyperref Info: Hyper figures OFF on input line 6027.
Package hyperref Info: Link nesting OFF on input line 6032.
Package hyperref Info: Hyper index ON on input line 6035.
Package hyperref Info: backreferencing OFF on input line 6042.
Package hyperref Info: Link coloring ON on input line 6045.
Package hyperref Info: Link coloring with OCG OFF on input line 6052.
Package hyperref Info: PDF/A mode OFF on input line 6057.
LaTeX Info: Redefining \ref on input line 6097.
LaTeX Info: Redefining \pageref on input line 6101.
 (/usr/local/texlive/2022/texmf-dist/tex/latex/base/atbegshi-ltx.sty
Package: atbegshi-ltx 2021/01/10 v1.0c Emulation of the original atbegshi
package with kernel methods
)
\Hy@abspage=\count391
\c@Item=\count392
\c@Hfootnote=\count393
)
Package hyperref Info: Driver (autodetected): hpdftex.
 (/usr/local/texlive/2022/texmf-dist/tex/latex/hyperref/hpdftex.def
File: hpdftex.def 2022-02-21 v7.00n Hyperref driver for pdfTeX
 (/usr/local/texlive/2022/texmf-dist/tex/latex/base/atveryend-ltx.sty
Package: atveryend-ltx 2020/08/19 v1.0a Emulation of the original atveryend package
with kernel methods
)
\Fld@listcount=\count394
\c@bookmark@seq@number=\count395
 (/usr/local/texlive/2022/texmf-dist/tex/latex/rerunfilecheck/rerunfilecheck.sty
Package: rerunfilecheck 2019/12/05 v1.9 Rerun checks for auxiliary files (HO)
 (/usr/local/texlive/2022/texmf-dist/tex/generic/uniquecounter/uniquecounter.sty
Package: uniquecounter 2019/12/15 v1.4 Provide unlimited unique counter (HO)
)
Package uniquecounter Info: New unique counter `rerunfilecheck' on input line 286.
)
\Hy@SectionHShift=\skip71
) (/usr/local/texlive/2022/texmf-dist/tex/latex/booktabs/booktabs.sty
Package: booktabs 2020/01/12 v1.61803398 Publication quality tables
\heavyrulewidth=\dimen145
\lightrulewidth=\dimen146
\cmidrulewidth=\dimen147
\belowrulesep=\dimen148
\belowbottomsep=\dimen149
\aboverulesep=\dimen150
\abovetopsep=\dimen151
\cmidrulesep=\dimen152
\cmidrulekern=\dimen153
\defaultaddspace=\dimen154
\@cmidla=\count396
\@cmidlb=\count397
\@aboverulesep=\dimen155
\@belowrulesep=\dimen156
\@thisruleclass=\count398
\@lastruleclass=\count399
\@thisrulewidth=\dimen157
) (/usr/local/texlive/2022/texmf-dist/tex/latex/siunitx/siunitx.sty
Package: siunitx 2022-02-15 v3.0.49 A comprehensive (SI) units package
\l__siunitx_angle_tmp_dim=\dimen158
\l__siunitx_angle_marker_box=\box51
\l__siunitx_angle_unit_box=\box52
\l__siunitx_compound_count_int=\count400
 (/usr/local/texlive/2022/texmf-dist/tex/latex/translations/translations.sty
Package: translations 2022/02/05 v1.12 internationalization of LaTeX2e packages (CN)
)
\l__siunitx_number_exponent_fixed_int=\count401
\l__siunitx_number_min_decimal_int=\count402
\l__siunitx_number_min_integer_int=\count403
\l__siunitx_number_round_precision_int=\count404
\l__siunitx_number_group_minimum_int=\count405
 (/usr/local/texlive/2022/texmf-dist/tex/latex/amsmath/amstext.sty
Package: amstext 2021/08/26 v2.01 AMS text
 (/usr/local/texlive/2022/texmf-dist/tex/latex/amsmath/amsgen.sty
File: amsgen.sty 1999/11/30 v2.0 generic functions
\@emptytoks=\toks17
\ex@=\dimen159
))
\l__siunitx_table_tmp_box=\box53
\l__siunitx_table_tmp_dim=\dimen160
\l__siunitx_table_column_width_dim=\dimen161
\l__siunitx_table_integer_box=\box54
\l__siunitx_table_decimal_box=\box55
\l__siunitx_table_before_box=\box56
\l__siunitx_table_after_box=\box57
\l__siunitx_table_before_dim=\dimen162
\l__siunitx_table_carry_dim=\dimen163
\l__siunitx_unit_tmp_int=\count406
\l__siunitx_unit_position_int=\count407
\l__siunitx_unit_total_int=\count408
 (/usr/local/texlive/2022/texmf-dist/tex/latex/l3packages/l3keys2e/l3keys2e.sty
Package: l3keys2e 2022-01-12 LaTeX2e option processing using LaTeX3 keys
) (/usr/local/texlive/2022/texmf-dist/tex/latex/tools/array.sty
Package: array 2021/10/04 v2.5f Tabular extension package (FMi)
\col@sep=\dimen164
\ar@mcellbox=\box58
\extrarowheight=\dimen165
\NC@list=\toks18
\extratabsurround=\skip72
\backup@length=\skip73
\ar@cellbox=\box59
)) (/usr/local/texlive/2022/texmf-dist/tex/latex/amsmath/amsmath.sty
Package: amsmath 2021/10/15 v2.17l AMS math features
\@mathmargin=\skip74

For additional information on amsmath, use the `?' option.
(/usr/local/texlive/2022/texmf-dist/tex/latex/amsmath/amsbsy.sty
Package: amsbsy 1999/11/29 v1.2d Bold Symbols
\pmbraise@=\dimen166
) (/usr/local/texlive/2022/texmf-dist/tex/latex/amsmath/amsopn.sty
Package: amsopn 2021/08/26 v2.02 operator names
)
\inf@bad=\count409
LaTeX Info: Redefining \frac on input line 234.
\uproot@=\count410
\leftroot@=\count411
LaTeX Info: Redefining \overline on input line 399.
\classnum@=\count412
\DOTSCASE@=\count413
LaTeX Info: Redefining \ldots on input line 496.
LaTeX Info: Redefining \dots on input line 499.
LaTeX Info: Redefining \cdots on input line 620.
\Mathstrutbox@=\box60
\strutbox@=\box61
\big@size=\dimen167
LaTeX Font Info:    Redeclaring font encoding OML on input line 743.
LaTeX Font Info:    Redeclaring font encoding OMS on input line 744.
\macc@depth=\count414
\c@MaxMatrixCols=\count415
\dotsspace@=\muskip21
\c@parentequation=\count416
\dspbrk@lvl=\count417
\tag@help=\toks19
\row@=\count418
\column@=\count419
\maxfields@=\count420
\andhelp@=\toks20
\eqnshift@=\dimen168
\alignsep@=\dimen169
\tagshift@=\dimen170
\tagwidth@=\dimen171
\totwidth@=\dimen172
\lineht@=\dimen173
\@envbody=\toks21
\multlinegap=\skip75
\multlinetaggap=\skip76
\mathdisplay@stack=\toks22
LaTeX Info: Redefining \[ on input line 2938.
LaTeX Info: Redefining \] on input line 2939.
) (/usr/local/texlive/2022/texmf-dist/tex/latex/mathtools/mathtools.sty
Package: mathtools 2022/02/07 v1.28a mathematical typesetting tools
 (/usr/local/texlive/2022/texmf-dist/tex/latex/tools/calc.sty
Package: calc 2017/05/25 v4.3 Infix arithmetic (KKT,FJ)
\calc@Acount=\count421
\calc@Bcount=\count422
\calc@Adimen=\dimen174
\calc@Bdimen=\dimen175
\calc@Askip=\skip77
\calc@Bskip=\skip78
LaTeX Info: Redefining \setlength on input line 80.
LaTeX Info: Redefining \addtolength on input line 81.
\calc@Ccount=\count423
\calc@Cskip=\skip79
) (/usr/local/texlive/2022/texmf-dist/tex/latex/mathtools/mhsetup.sty
Package: mhsetup 2021/03/18 v1.4 programming setup (MH)
)
\g_MT_multlinerow_int=\count424
\l_MT_multwidth_dim=\dimen176
\origjot=\skip80
\l_MT_shortvdotswithinadjustabove_dim=\dimen177
\l_MT_shortvdotswithinadjustbelow_dim=\dimen178
\l_MT_above_intertext_sep=\dimen179
\l_MT_below_intertext_sep=\dimen180
\l_MT_above_shortintertext_sep=\dimen181
\l_MT_below_shortintertext_sep=\dimen182
\xmathstrut@box=\box62
\xmathstrut@dim=\dimen183
) (/usr/local/texlive/2022/texmf-dist/tex/latex/fancyref/fancyref.sty
Package: fancyref 1999/02/03 v0.9c Fancy cross-referencing
 (/usr/local/texlive/2022/texmf-dist/tex/latex/tools/varioref.sty
Package: varioref 2021/07/07 v1.6f package for extended references (FMi)
\c@vrcnt=\count425
)) (/usr/local/texlive/2022/texmf-dist/tex/latex/lipsum/lipsum.sty
Package: lipsum 2021-09-20 v2.7 150 paragraphs of Lorem Ipsum dummy text
\g__lipsum_par_int=\count426
\l__lipsum_a_int=\count427
\l__lipsum_b_int=\count428
 (/usr/local/texlive/2022/texmf-dist/tex/latex/lipsum/lipsum.ltd.tex))
Package hyperref Info: Option `colorlinks' set `true' on input line 21.


Package hyperref Warning: Option `bookmarks' has already been used,
(hyperref)                setting the option has no effect on input line 21.

\@quotelevel=\count429
\@quotereset=\count430
Package translations Info: No language package found. I am going to use `english' as default language. on input line 26.
(./Final.aux)
\openout1 = `Final.aux'.

LaTeX Font Info:    Checking defaults for OML/cmm/m/it on input line 26.
LaTeX Font Info:    ... okay on input line 26.
LaTeX Font Info:    Checking defaults for OMS/cmsy/m/n on input line 26.
LaTeX Font Info:    ... okay on input line 26.
LaTeX Font Info:    Checking defaults for OT1/cmr/m/n on input line 26.
LaTeX Font Info:    ... okay on input line 26.
LaTeX Font Info:    Checking defaults for T1/cmr/m/n on input line 26.
LaTeX Font Info:    ... okay on input line 26.
LaTeX Font Info:    Checking defaults for TS1/cmr/m/n on input line 26.
LaTeX Font Info:    ... okay on input line 26.
LaTeX Font Info:    Checking defaults for OMX/cmex/m/n on input line 26.
LaTeX Font Info:    ... okay on input line 26.
LaTeX Font Info:    Checking defaults for U/cmr/m/n on input line 26.
LaTeX Font Info:    ... okay on input line 26.
LaTeX Font Info:    Checking defaults for PD1/pdf/m/n on input line 26.
LaTeX Font Info:    ... okay on input line 26.
LaTeX Font Info:    Checking defaults for PU/pdf/m/n on input line 26.
LaTeX Font Info:    ... okay on input line 26.
LaTeX Info: Redefining \celsius on input line 26.
Package gensymb Info: Faking symbols for \degree and \celsius on input line 26.


Package gensymb Warning: Not defining \perthousand.

LaTeX Info: Redefining \ohm on input line 26.
Package gensymb Info: Using \Omega for \ohm on input line 26.

Package gensymb Warning: Not defining \micro.

Package biblatex Info: Trying to load language 'english'...
Package biblatex Info: ... file 'english.lbx' found.
(/usr/local/texlive/2022/texmf-dist/tex/latex/biblatex/lbx/english.lbx
File: english.lbx 2022/02/02 v3.17 biblatex localization (PK/MW)
)
Package biblatex Info: Input encoding 'utf8' detected.
Package biblatex Info: Automatic encoding selection.
(biblatex)             Assuming data encoding 'utf8'.
\openout3 = `Final.bcf'.

Package biblatex Info: Trying to load bibliographic data...
Package biblatex Info: ... file 'Final.bbl' not found.

No file Final.bbl.
Package biblatex Info: Reference section=0 on input line 26.
Package biblatex Info: Reference segment=0 on input line 26.
(/usr/local/texlive/2022/texmf-dist/tex/context/base/mkii/supp-pdf.mkii
[Loading MPS to PDF converter (version 2006.09.02).]
\scratchcounter=\count431
\scratchdimen=\dimen184
\scratchbox=\box63
\nofMPsegments=\count432
\nofMParguments=\count433
\everyMPshowfont=\toks23
\MPscratchCnt=\count434
\MPscratchDim=\dimen185
\MPnumerator=\count435
\makeMPintoPDFobject=\count436
\everyMPtoPDFconversion=\toks24
) (/usr/local/texlive/2022/texmf-dist/tex/latex/epstopdf-pkg/epstopdf-base.sty
Package: epstopdf-base 2020-01-24 v2.11 Base part for package epstopdf
 (/usr/local/texlive/2022/texmf-dist/tex/latex/grfext/grfext.sty
Package: grfext 2019/12/03 v1.3 Manage graphics extensions (HO)
)
Package epstopdf-base Info: Redefining graphics rule for `.eps' on input line 485.
Package grfext Info: Graphics extension search list:
(grfext)             [.pdf,.png,.jpg,.mps,.jpeg,.jbig2,.jb2,.PDF,.PNG,.JPG,.JPEG,.JBIG2,.JB2,.eps]
(grfext)             \AppendGraphicsExtensions on input line 504.
 (/usr/local/texlive/2022/texmf-dist/tex/latex/latexconfig/epstopdf-sys.cfg
File: epstopdf-sys.cfg 2010/07/13 v1.3 Configuration of (r)epstopdf for TeX Live
)) (/usr/local/texlive/2022/texmf-dist/tex/latex/graphics/color.sty
Package: color 2021/12/07 v1.3c Standard LaTeX Color (DPC)
 (/usr/local/texlive/2022/texmf-dist/tex/latex/graphics-cfg/color.cfg
File: color.cfg 2016/01/02 v1.6 sample color configuration
)
Package color Info: Driver file: pdftex.def on input line 149.
)
Package hyperref Info: Link coloring ON on input line 26.
 (/usr/local/texlive/2022/texmf-dist/tex/latex/hyperref/nameref.sty
Package: nameref 2021-04-02 v2.47 Cross-referencing by name of section
 (/usr/local/texlive/2022/texmf-dist/tex/latex/refcount/refcount.sty
Package: refcount 2019/12/15 v3.6 Data extraction from label references (HO)
) (/usr/local/texlive/2022/texmf-dist/tex/generic/gettitlestring/gettitlestring.sty
Package: gettitlestring 2019/12/15 v1.6 Cleanup title references (HO)
)
\c@section@level=\count437
LaTeX Info: Redefining \Ref on input line 520.
)
LaTeX Info: Redefining \ref on input line 26.
LaTeX Info: Redefining \pageref on input line 26.
LaTeX Info: Redefining \nameref on input line 26.
\@outlinefile=\write4
\openout4 = `Final.out'.

LaTeX Info: Redefining \Ref on input line 26.
 (/usr/local/texlive/2022/texmf-dist/tex/latex/translations/translations-basic-dictionary-english.trsl
File: translations-basic-dictionary-english.trsl (english translation file `translations-basic-dictionary')
)
Package translations Info: loading dictionary `translations-basic-dictionary' for `english'. on input line 26.
Package epstopdf Info: Source file: <Pictures/polito_logo.eps>
(epstopdf)                    date: 2022-08-14 17:16:23
(epstopdf)                    size: 106431 bytes
(epstopdf)             Output file: <Pictures/polito_logo-eps-converted-to.pdf>
(epstopdf)                    date: 2022-08-14 17:16:23
(epstopdf)                    size: 42331 bytes
(epstopdf)             Command: <repstopdf --outfile=Pictures/polito_logo-eps-converted-to.pdf Pictures/polito_logo.eps>
(epstopdf)             \includegraphics on input line 30.
Package epstopdf Info: Output file is already uptodate.
<Pictures/polito_logo-eps-converted-to.pdf, id=4, 915.42pt x 860.21375pt>
File: Pictures/polito_logo-eps-converted-to.pdf Graphic file (type pdf)
<use Pictures/polito_logo-eps-converted-to.pdf>
Package pdftex.def Info: Pictures/polito_logo-eps-converted-to.pdf  used on input line 30.
(pdftex.def)             Requested size: 276.00105pt x 259.35243pt.
 [1

{/usr/local/texlive/2022/texmf-var/fonts/map/pdftex/updmap/pdftex.map} <./Pictures/polito_logo-eps-converted-to.pdf>] [2]
Overfull \hbox (3.09709pt too wide) in paragraph at lines 44--46
[]\OT1/cmr/m/n/9 After an ex-ten-sive re-search on cur-rent \OT1/cmr/m/it/9 state-of-the-art \OT1/cmr/m/n/9 pro-duc-tion meth-
 []

[3]
\tf@toc=\write5
\openout5 = `Final.toc'.

 [4]
\tf@lof=\write6
\openout6 = `Final.lof'.

 [5]
Underfull \hbox (badness 10000) in paragraph at lines 63--65

 []


Underfull \hbox (badness 10000) in paragraph at lines 66--69

 []


LaTeX Warning: Citation 'Recent_progress_polymers_AM' on page 6 undefined on input line 76.


Underfull \hbox (badness 10000) in paragraph at lines 80--82

 []


LaTeX Warning: Citation 'Recent_progress_polymers_AM' on page 6 undefined on input line 85.


Underfull \hbox (badness 10000) in paragraph at lines 83--86

 []

[6]
Underfull \hbox (badness 10000) in paragraph at lines 93--94

 []


LaTeX Warning: Citation 'Recent_progress_polymers_AM' on page 7 undefined on input line 104.


LaTeX Warning: Citation 'Kovalcik_PHA_Review' on page 7 undefined on input line 104.


LaTeX Warning: Citation 'Recent_progress_polymers_AM' on page 7 undefined on input line 107.


LaTeX Warning: Citation 'Recent_progress_polymers_AM' on page 7 undefined on input line 109.


LaTeX Warning: Citation 'Kovalcik_PHA_Review' on page 7 undefined on input line 109.


LaTeX Warning: Citation 'Recent_progress_polymers_AM' on page 7 undefined on input line 110.


LaTeX Warning: Citation 'Kovalcik_PHA_Review' on page 7 undefined on input line 110.


Overfull \hbox (97.01088pt too wide) in paragraph at lines 110--111
\OT1/cmr/m/n/10 of ma-te-ri-als through a noz-zle, that so-lid-ify as they cool down [[],
 []


LaTeX Warning: Citation 'Recent_progress_polymers_AM' on page 7 undefined on input line 114.


LaTeX Warning: Citation 'Recent_progress_polymers_AM' on page 7 undefined on input line 116.


Overfull \hbox (15.37181pt too wide) in paragraph at lines 115--117
\OT1/cmr/m/n/10 part, cre-at-ing sub-stan-tial ma-te-rial waste [[]]. 
 []

[7]
Underfull \hbox (badness 10000) in paragraph at lines 121--122

 []


LaTeX Warning: Citation 'Recent_progress_polymers_AM' on page 8 undefined on input line 124.


LaTeX Warning: Citation 'Kovalcik_PHA_Review' on page 8 undefined on input line 124.


Underfull \hbox (badness 10000) in paragraph at lines 135--137

 []


Underfull \hbox (badness 10000) in paragraph at lines 138--140

 []

[8

]

LaTeX Warning: Citation 'Recent_progress_polymers_AM' on page 9 undefined on input line 149.


LaTeX Warning: Citation 'Kovalcik_PHA_Review' on page 9 undefined on input line 149.


Overfull \hbox (53.20514pt too wide) in paragraph at lines 148--150
\OT1/cmr/m/n/10 cally sin-ters the pow-der, un-til a sin-gle layer is com-pleted [[],
 []


LaTeX Warning: Citation 'Padovano_SLS_Review' on page 9 undefined on input line 152.


Overfull \hbox (64.0693pt too wide) in paragraph at lines 151--153
\OT1/cmr/m/n/10 i-cally re-dis-tributed by a re-coat-ing sys-tem, for each sub-se-quent layer [[]]. 
 []


Underfull \hbox (badness 10000) in paragraph at lines 159--160

 []


LaTeX Warning: Citation 'Padovano_SLS_Review' on page 9 undefined on input line 164.


Underfull \hbox (badness 10000) in paragraph at lines 161--165

 []

Package epstopdf Info: Source file: <Pictures/SLS_temp_over_time.eps>
(epstopdf)                    date: 2022-08-14 17:16:23
(epstopdf)                    size: 28795 bytes
(epstopdf)             Output file: <Pictures/SLS_temp_over_time-eps-converted-to.pdf>
(epstopdf)                    date: 2022-08-14 17:16:23
(epstopdf)                    size: 19386 bytes
(epstopdf)             Command: <repstopdf --outfile=Pictures/SLS_temp_over_time-eps-converted-to.pdf Pictures/SLS_temp_over_time.eps>
(epstopdf)             \includegraphics on input line 176.
Package epstopdf Info: Output file is already uptodate.
<Pictures/SLS_temp_over_time-eps-converted-to.pdf, id=55, 1291.82625pt x 984.67876pt>
File: Pictures/SLS_temp_over_time-eps-converted-to.pdf Graphic file (type pdf)
<use Pictures/SLS_temp_over_time-eps-converted-to.pdf>
Package pdftex.def Info: Pictures/SLS_temp_over_time-eps-converted-to.pdf  used on input line 176.
(pdftex.def)             Requested size: 217.35168pt x 165.6653pt.

LaTeX Warning: Citation 'Inkscape' on page 9 undefined on input line 177.


LaTeX Warning: Citation 'Padovano_SLS_Review' on page 9 undefined on input line 177.


LaTeX Warning: `!h' float specifier changed to `!ht'.


LaTeX Warning: Reference `fig:SLS_temp_over_time' on page 9 undefined on input line 181.


Underfull \hbox (badness 10000) in paragraph at lines 186--190

 []


LaTeX Warning: Citation 'Padovano_SLS_Review' on page 9 undefined on input line 192.


Underfull \hbox (badness 10000) in paragraph at lines 191--193

 []

[9

]
Underfull \hbox (badness 10000) in paragraph at lines 198--200

 []


LaTeX Warning: Citation 'Padovano_SLS_Review' on page 10 undefined on input line 204.


LaTeX Warning: Citation 'Padovano_SLS_Review' on page 10 undefined on input line 216.


Underfull \hbox (badness 10000) in paragraph at lines 214--217

 []

[10 <./Pictures/SLS_temp_over_time-eps-converted-to.pdf>]

LaTeX Warning: Citation 'Kovalcik_PHA_Review' on page 11 undefined on input line 223.


LaTeX Warning: Citation 'Messori_Bondioli_PHAs' on page 11 undefined on input line 223.


LaTeX Warning: Citation 'Kovalcik_PHA_Review' on page 11 undefined on input line 226.


LaTeX Warning: Citation 'Messori_Bondioli_PHAs' on page 11 undefined on input line 226.


LaTeX Warning: Citation 'Kovalcik_PHA_Review' on page 11 undefined on input line 229.


Overfull \hbox (28.8725pt too wide) in paragraph at lines 228--230
\OT1/cmr/m/n/10 byprod-ucts as sub-strates (corn, soy, cof-fee, oil wastes, etc.) [[]]. 
 []


Underfull \hbox (badness 10000) in paragraph at lines 228--230

 []


LaTeX Warning: Citation 'Messori_Bondioli_PHAs' on page 11 undefined on input line 236.


Overfull \hbox (43.7123pt too wide) in paragraph at lines 236--237
[]\OT1/cmr/m/n/10 PHAs can be clas-si-fied by the chain-length of their monomers [[]]: 
 []


LaTeX Warning: Citation 'Kovalcik_PHA_Review' on page 11 undefined on input line 247.


Underfull \hbox (badness 10000) in paragraph at lines 245--248

 []


LaTeX Warning: Citation 'Kovalcik_PHA_Review' on page 11 undefined on input line 251.


LaTeX Warning: Citation 'Kovalcik_PHA_Review' on page 11 undefined on input line 257.

[11

]

LaTeX Warning: Reference `AM_techniques_summary' on page 12 undefined on input line 265.


LaTeX Warning: Reference `FDM_general' on page 12 undefined on input line 266.


LaTeX Warning: Reference `SLS_general' on page 12 undefined on input line 268.


LaTeX Warning: Citation 'Kovalcik_PHA_Review' on page 12 undefined on input line 268.


Overfull \hbox (25.38168pt too wide) in paragraph at lines 265--269
\OT1/cmr/m/n/10 ity and cuts down cost), and Se-lec-tive Laser Sin-ter-ing ([]) [[]]. 
 []


Underfull \hbox (badness 10000) in paragraph at lines 265--269

 []


Underfull \hbox (badness 10000) in paragraph at lines 270--271

 []


LaTeX Warning: Citation 'Kovalcik_PHA_Review' on page 12 undefined on input line 282.


Underfull \hbox (badness 10000) in paragraph at lines 280--283

 []


LaTeX Warning: Reference `Powder_requirements' on page 12 undefined on input line 287.


LaTeX Warning: Citation 'DechetMaximilianA2020OtDo' on page 12 undefined on input line 288.


LaTeX Warning: Citation 'doi:10.1063/1.4918516' on page 12 undefined on input line 288.


Overfull \hbox (1.10857pt too wide) in paragraph at lines 286--289
\OT1/cmr/m/n/10 Poly(3-hydroxybutirate-\OT1/cmr/m/it/10 co\OT1/cmr/m/n/10 -3-hydroxyhexanoate) is a copoly-mer of the PHA fam-
 []


Overfull \hbox (36.69102pt too wide) in paragraph at lines 286--289
\OT1/cmr/m/n/10 such as PHB and PHBV [[], []]. 
 []


Underfull \hbox (badness 10000) in paragraph at lines 286--289

 []


LaTeX Warning: Citation 'Eraslan_PHBH_review' on page 12 undefined on input line 293.


Overfull \hbox (64.86935pt too wide) in paragraph at lines 290--293
\OT1/cmr/m/n/10 cess, its cost and the strict con-fi-den-tial-ity of poly-mer man-u-fac-tur-ers [[]]. 
 []

[12

]
Underfull \hbox (badness 10000) in paragraph at lines 297--300

 []


LaTeX Warning: Reference `Environmental_impact' on page 13 undefined on input line 302.


LaTeX Warning: Citation 'Rafiqah_Khalina_PBS_review' on page 13 undefined on input line 314.

[13

]

LaTeX Warning: Citation 'Jian_PBAT_overview' on page 14 undefined on input line 326.


Underfull \hbox (badness 10000) in paragraph at lines 323--327

 []


LaTeX Warning: Reference `PBS_in_general' on page 14 undefined on input line 328.


LaTeX Warning: Reference `PHA_in_Additive' on page 14 undefined on input line 331.

[14

]

LaTeX Warning: Reference `FDM_general' on page 15 undefined on input line 338.


Underfull \hbox (badness 10000) in paragraph at lines 340--341

 []


Underfull \hbox (badness 10000) in paragraph at lines 353--354

 []


LaTeX Warning: Citation 'doi:10.1063/1.4918516' on page 15 undefined on input line 356.


LaTeX Warning: Citation 'doi:10.1063/1.4918516' on page 15 undefined on input line 361.


Overfull \hbox (0.16728pt too wide) in paragraph at lines 360--362
[]\OT1/cmr/m/n/10 Particle mor-phol-ogy is cru-cial in the sin-ter-ing mech-a-nism, where reg-u-lar, smooth
 []

Package epstopdf Info: Source file: <Pictures/sintering_neck.eps>
(epstopdf)                    date: 2022-08-14 17:16:23
(epstopdf)                    size: 4281565 bytes
(epstopdf)             Output file: <Pictures/sintering_neck-eps-converted-to.pdf>
(epstopdf)                    date: 2022-08-14 17:16:23
(epstopdf)                    size: 3339469 bytes
(epstopdf)             Command: <repstopdf --outfile=Pictures/sintering_neck-eps-converted-to.pdf Pictures/sintering_neck.eps>
(epstopdf)             \includegraphics on input line 365.
Package epstopdf Info: Output file is already uptodate.
<Pictures/sintering_neck-eps-converted-to.pdf, id=99, 1483.5425pt x 825.0825pt>
File: Pictures/sintering_neck-eps-converted-to.pdf Graphic file (type pdf)
<use Pictures/sintering_neck-eps-converted-to.pdf>
Package pdftex.def Info: Pictures/sintering_neck-eps-converted-to.pdf  used on input line 365.
(pdftex.def)             Requested size: 172.5pt x 95.93373pt.

LaTeX Warning: Citation 'Inkscape' on page 15 undefined on input line 366.


LaTeX Warning: Citation 'doi:10.1063/1.4918516' on page 15 undefined on input line 373.

[15

 <./Pictures/sintering_neck-eps-converted-to.pdf>]

LaTeX Warning: Citation 'doi:10.1063/1.4918516' on page 16 undefined on input line 394.


LaTeX Warning: Citation 'DechetMaximilianA2020OtDo' on page 16 undefined on input line 397.


LaTeX Warning: Citation 'doi:10.1063/1.4918516' on page 16 undefined on input line 397.


Overfull \hbox (68.88771pt too wide) in paragraph at lines 396--398
\OT1/cmr/m/n/10 a wide enough sin-ter-ing win-dow [[], []]. 
 []


Underfull \hbox (badness 10000) in paragraph at lines 396--398

 []


LaTeX Warning: Citation 'doi:10.1063/1.4918516' on page 16 undefined on input line 401.


LaTeX Warning: Reference `SLS_general' on page 16 undefined on input line 403.


LaTeX Warning: Citation 'doi:10.1063/1.4918516' on page 16 undefined on input line 407.


Underfull \hbox (badness 10000) in paragraph at lines 405--408

 []


LaTeX Warning: Citation 'doi:10.1063/1.4918516' on page 16 undefined on input line 415.


LaTeX Warning: Citation 'cryogenic_grinding_video' on page 16 undefined on input line 424.


LaTeX Warning: Citation 'Junghare_cryogenic_grinding_review' on page 16 undefined on input line 424.


Underfull \hbox (badness 10000) in paragraph at lines 426--427

 []


LaTeX Warning: Citation 'doi:10.1063/1.4918516' on page 16 undefined on input line 429.


Overfull \hbox (57.72113pt too wide) in paragraph at lines 428--430
\OT1/cmr/m/n/10 makes this method gen-er-ally un-suit-able for high qual-ity SLS parts [[]]. 
 []


LaTeX Warning: Citation 'DechetMaximilianA2020OtDo' on page 16 undefined on input line 434.


Overfull \hbox (10.63844pt too wide) in paragraph at lines 433--435
\OT1/cmr/m/n/10 There is lit-tle va-ri-ety in the mar-ket of SLS ready poly-mer pow-ders, with polyamide-
 []

[16

]
Underfull \hbox (badness 10000) in paragraph at lines 444--446

 []


LaTeX Warning: Citation 'DechetMaximilianA2020OtDo' on page 17 undefined on input line 451.


Underfull \hbox (badness 10000) in paragraph at lines 449--452

 []


LaTeX Warning: Citation 'DechetMaximilianA2020OtDo' on page 17 undefined on input line 462.


LaTeX Warning: Reference `eq:hansen_parameters' on page 17 undefined on input line 465.

Package epstopdf Info: Source file: <Pictures/TEAS_plot.eps>
(epstopdf)                    date: 2022-08-14 17:16:23
(epstopdf)                    size: 31092 bytes
(epstopdf)             Output file: <Pictures/TEAS_plot-eps-converted-to.pdf>
(epstopdf)                    date: 2022-08-14 17:16:23
(epstopdf)                    size: 12876 bytes
(epstopdf)             Command: <repstopdf --outfile=Pictures/TEAS_plot-eps-converted-to.pdf Pictures/TEAS_plot.eps>
(epstopdf)             \includegraphics on input line 469.
Package epstopdf Info: Output file is already uptodate.
<Pictures/TEAS_plot-eps-converted-to.pdf, id=121, 1840.8775pt x 1314.9125pt>
File: Pictures/TEAS_plot-eps-converted-to.pdf Graphic file (type pdf)
<use Pictures/TEAS_plot-eps-converted-to.pdf>
Package pdftex.def Info: Pictures/TEAS_plot-eps-converted-to.pdf  used on input line 469.
(pdftex.def)             Requested size: 137.9979pt x 98.55399pt.

LaTeX Warning: Citation 'DechetMaximilianA2020OtDo' on page 17 undefined on input line 470.


LaTeX Warning: Citation 'Inkscape' on page 17 undefined on input line 470.


LaTeX Warning: Citation 'DechetMaximilianA2020OtDo' on page 17 undefined on input line 470.


LaTeX Warning: Citation 'Inkscape' on page 17 undefined on input line 470.


Underfull \hbox (badness 10000) in paragraph at lines 470--470
[]\OT1/cmr/m/n/10 Figure 3: []Generic TEAS plot for any given poly-mer
 []


LaTeX Warning: `!h' float specifier changed to `!ht'.


LaTeX Warning: Reference `PBS_in_general' on page 17 undefined on input line 477.


LaTeX Warning: Reference `PBAT_in_general' on page 17 undefined on input line 478.


LaTeX Warning: Reference `PHA_in_general' on page 17 undefined on input line 478.


LaTeX Warning: Citation 'DechetMaximilianA2020OtDo' on page 17 undefined on input line 488.


Overfull \hbox (16.41614pt too wide) in paragraph at lines 488--489
\OT1/cmr/m/n/10 ron-ments such as a re-ac-tor or au-to-clave sys-tem [[]]. 
 []

[17]
Package epstopdf Info: Source file: <Pictures/particle_size_stirring.eps>
(epstopdf)                    date: 2022-08-14 17:16:23
(epstopdf)                    size: 143218 bytes
(epstopdf)             Output file: <Pictures/particle_size_stirring-eps-converted-to.pdf>
(epstopdf)                    date: 2022-08-14 17:16:23
(epstopdf)                    size: 136147 bytes
(epstopdf)             Command: <repstopdf --outfile=Pictures/particle_size_stirring-eps-converted-to.pdf Pictures/particle_size_stirring.eps>
(epstopdf)             \includegraphics on input line 501.
Package epstopdf Info: Output file is already uptodate.
<Pictures/particle_size_stirring-eps-converted-to.pdf, id=131, 2275.50125pt x 2031.59pt>
File: Pictures/particle_size_stirring-eps-converted-to.pdf Graphic file (type pdf)
<use Pictures/particle_size_stirring-eps-converted-to.pdf>
Package pdftex.def Info: Pictures/particle_size_stirring-eps-converted-to.pdf  used on input line 501.
(pdftex.def)             Requested size: 172.5pt x 154.00565pt.


LaTeX Warning: Citation 'DechetMaximilianA2020OtDo' on page 18 undefined on input line 502.


LaTeX Warning: Citation 'Inkscape' on page 18 undefined on input line 502.


LaTeX Warning: Citation 'DechetMaximilianA2020OtDo' on page 18 undefined on input line 502.


LaTeX Warning: Citation 'Inkscape' on page 18 undefined on input line 502.


Underfull \hbox (badness 10000) in paragraph at lines 502--502
[]\OT1/cmr/m/n/10 Figure 4: []Particle size de-creases as stir-ring RPM in-crease
 []


LaTeX Warning: Reference `Mechanical_milling' on page 18 undefined on input line 508.


LaTeX Warning: Citation 'DechetMaximilianA2020OtDo' on page 18 undefined on input line 510.


Underfull \hbox (badness 10000) in paragraph at lines 508--511

 []

[18 <./Pictures/TEAS_plot-eps-converted-to.pdf> <./Pictures/particle_size_stirring-eps-converted-to.pdf>]
Underfull \hbox (badness 10000) in paragraph at lines 517--519

 []


Underfull \hbox (badness 10000) in paragraph at lines 520--521

 []


LaTeX Warning: Citation 'Dechet_Schmidt_thermal_rounding' on page 19 undefined on input line 529.


Overfull \hbox (51.91626pt too wide) in paragraph at lines 528--530
\OT1/cmr/m/n/10 a sig-nif-i-cantly higher risk of par-ti-cle ag-glom-er-a-tion [[]]. 
 []

[19]
Overfull \hbox (9.05615pt too wide) in paragraph at lines 533--533
[]\OT1/cmr/bx/n/14.4 Laboratory en-vi-ron-men-tal con-di-tions and avail-
 []


Underfull \hbox (badness 10000) in paragraph at lines 535--536

 []


LaTeX Warning: Reference `Choice_material_process' on page 20 undefined on input line 537.


LaTeX Warning: Reference `Choice_material_process' on page 20 undefined on input line 539.


LaTeX Warning: Reference `SEM_analysis' on page 20 undefined on input line 543.


LaTeX Warning: Reference `TGA_Analysis' on page 20 undefined on input line 544.


LaTeX Warning: Reference `DSC_analysis' on page 20 undefined on input line 544.


Underfull \hbox (badness 10000) in paragraph at lines 541--546

 []


LaTeX Warning: Reference `Initial_recipe' on page 20 undefined on input line 552.


LaTeX Warning: Reference `detailed_reaction' on page 20 undefined on input line 552.


Underfull \hbox (badness 10000) in paragraph at lines 549--553

 []


Underfull \hbox (badness 10000) in paragraph at lines 554--555

 []


LaTeX Warning: Reference `Initial_recipe' on page 20 undefined on input line 559.


LaTeX Warning: Reference `recipe_improvement' on page 20 undefined on input line 559.


Underfull \hbox (badness 10000) in paragraph at lines 561--563

 []


LaTeX Warning: Reference `recipe_improvement' on page 20 undefined on input line 565.


LaTeX Warning: Reference `faulty_equipment' on page 20 undefined on input line 565.


LaTeX Warning: Reference `initial_failures' on page 20 undefined on input line 567.

[20

]

LaTeX Warning: Reference `PHBH' on page 21 undefined on input line 574.


LaTeX Warning: Reference `PBAT_in_general' on page 21 undefined on input line 574.


LaTeX Warning: Reference `PBS_in_general' on page 21 undefined on input line 575.


Underfull \hbox (badness 10000) in paragraph at lines 574--576

 []


LaTeX Warning: Reference `Initial_recipe' on page 21 undefined on input line 578.


Underfull \hbox (badness 10000) in paragraph at lines 577--580

 []


LaTeX Warning: Reference `Mechanical_milling' on page 21 undefined on input line 581.


Underfull \hbox (badness 10000) in paragraph at lines 586--589

 []

[21

]
Overfull \hbox (1.1413pt too wide) in paragraph at lines 595--595
[]\OT1/cmr/bx/n/14.4 Initial chem-i-cal pre-cip-i-ta-tion recipe for PHBH[] 
 []

[22

] [23

] [24

] [25

] [26

] [27

] [28

]

LaTeX Warning: Empty bibliography on input line 653.

(./Final.aux)

LaTeX Warning: There were undefined references.


LaTeX Warning: Label(s) may have changed. Rerun to get cross-references right.


Package rerunfilecheck Warning: File `Final.out' has changed.
(rerunfilecheck)                Rerun to get outlines right
(rerunfilecheck)                or use package `bookmark'.

Package rerunfilecheck Info: Checksums for `Final.out':
(rerunfilecheck)             Before: <no file>
(rerunfilecheck)             After:  27D6EC8B705EB9FA72DC6160D581D311;8180.

Package biblatex Warning: Please (re)run Biber on the file:
(biblatex)                Final
(biblatex)                and rerun LaTeX afterwards.

Package logreq Info: Writing requests to 'Final.run.xml'.
\openout1 = `Final.run.xml'.

 ) 
Here is how much of TeX's memory you used:
 21217 strings out of 478268
 421239 string characters out of 5846347
 1165078 words of memory out of 5000000
 39129 multiletter control sequences out of 15000+600000
 477280 words of font info for 55 fonts, out of 8000000 for 9000
 1141 hyphenation exceptions out of 8191
 60i,6n,68p,806b,1801s stack positions out of 10000i,1000n,20000p,200000b,200000s
{/usr/local/texlive/2022/texmf-dist/fonts/enc/dvips/cm-super/cm-super-ts1.enc}</usr/local/texlive/2022/texmf-dist/fonts/type1/public/amsfonts/cm/cmbx10.pfb></usr/local/texlive/2022/texmf-dist/fonts/type1/public/amsfonts/cm/cmbx12.pfb></usr/local/texlive/2022/texmf-dist/fonts/type1/public/amsfonts/cm/cmbx9.pfb></usr/local/texlive/2022/texmf-dist/fonts/type1/public/amsfonts/cm/cmmi10.pfb></usr/local/texlive/2022/texmf-dist/fonts/type1/public/amsfonts/cm/cmmi7.pfb></usr/local/texlive/2022/texmf-dist/fonts/type1/public/amsfonts/cm/cmr10.pfb></usr/local/texlive/2022/texmf-dist/fonts/type1/public/amsfonts/cm/cmr12.pfb></usr/local/texlive/2022/texmf-dist/fonts/type1/public/amsfonts/cm/cmr9.pfb></usr/local/texlive/2022/texmf-dist/fonts/type1/public/amsfonts/cm/cmsy10.pfb></usr/local/texlive/2022/texmf-dist/fonts/type1/public/amsfonts/cm/cmsy7.pfb></usr/local/texlive/2022/texmf-dist/fonts/type1/public/amsfonts/cm/cmti10.pfb></usr/local/texlive/2022/texmf-dist/fonts/type1/public/amsfonts/cm/cmti9.pfb></usr/local/texlive/2022/texmf-dist/fonts/type1/public/cm-super/sfrm1000.pfb>
Output written on Final.pdf (28 pages, 3753069 bytes).
PDF statistics:
 293 PDF objects out of 1000 (max. 8388607)
 218 compressed objects within 3 object streams
 80 named destinations out of 1000 (max. 500000)
 26 words of extra memory for PDF output out of 10000 (max. 10000000)

